Connecting to database specified by database.yml
Connecting to database specified by database.yml
  [1m[36m (86.3ms)[0m  [1mCREATE TABLE `schema_migrations` (`version` varchar(255) NOT NULL) ENGINE=InnoDB[0m
  [1m[35m (189.9ms)[0m  CREATE UNIQUE INDEX `unique_schema_migrations` ON `schema_migrations` (`version`)
  [1m[36m (0.9ms)[0m  [1mSELECT `schema_migrations`.`version` FROM `schema_migrations` [0m
Migrating to CreateUsers (20101007212537)
  [1m[35m (86.4ms)[0m  CREATE TABLE `users` (`id` int(11) DEFAULT NULL auto_increment PRIMARY KEY, `uid` varchar(255), `first_name` varchar(255), `last_name` varchar(255), `status` varchar(255), `created_at` datetime NOT NULL, `updated_at` datetime NOT NULL) ENGINE=InnoDB
  [1m[36m (44.1ms)[0m  [1mINSERT INTO `schema_migrations` (`version`) VALUES ('20101007212537')[0m
  [1m[35m (0.1ms)[0m  SELECT `schema_migrations`.`version` FROM `schema_migrations` 


Started GET "/" for 127.0.0.1 at 2015-01-30 19:01:57 +0500
Connecting to database specified by database.yml
Processing by HomeController#index as HTML
Redirected to http://localhost:3001/auth/joshid
Filter chain halted as :login_required rendered or redirected
Completed 302 Found in 0ms (ActiveRecord: 0.0ms)


Started GET "/auth/joshid" for 127.0.0.1 at 2015-01-30 19:01:58 +0500


Started GET "/auth/joshid/callback?code=7fd23ef8f718aa5aa9558e31c1501c46&response_type=code&state=e4c4b2fc9aa0c27db9d51e29e6954592b67efe17b678df08" for 127.0.0.1 at 2015-01-30 19:03:20 +0500
Processing by UserSessionsController#create as HTML
  Parameters: {"code"=>"7fd23ef8f718aa5aa9558e31c1501c46", "response_type"=>"code", "state"=>"e4c4b2fc9aa0c27db9d51e29e6954592b67efe17b678df08", "provider"=>"joshid"}
+++ #<OmniAuth::AuthHash credentials=#<Hashie::Mash expires=true expires_at=1422628400 refresh_token="fbd882e58295b70601274f49c9a701e0" token="d344e3e721f911f1e4e53916c05a2085"> extra=#<Hashie::Mash first_name="faisal" last_name="sahil"> info=#<OmniAuth::AuthHash::InfoHash email=nil> provider="joshid" uid="1">
  [1m[36mUser Load (0.2ms)[0m  [1mSELECT `users`.* FROM `users` WHERE `users`.`uid` = '1' LIMIT 1[0m
  [1m[35m (0.1ms)[0m  BEGIN
  [1m[36mSQL (1.1ms)[0m  [1mINSERT INTO `users` (`created_at`, `first_name`, `last_name`, `status`, `uid`, `updated_at`) VALUES ('2015-01-30 14:03:20', 'faisal', 'sahil', NULL, '1', '2015-01-30 14:03:20')[0m
  [1m[35m (36.6ms)[0m  COMMIT
Redirected to http://localhost:3001/
Completed 302 Found in 104ms (ActiveRecord: 39.1ms)


Started GET "/" for 127.0.0.1 at 2015-01-30 19:03:20 +0500
Processing by HomeController#index as HTML
  [1m[36mUser Load (0.2ms)[0m  [1mSELECT `users`.* FROM `users` WHERE `users`.`uid` = '1' LIMIT 1[0m
  Rendered home/index.html.erb within layouts/application (1.8ms)
Compiled application.css  (0ms)  (pid 13585)
Compiled jquery.js  (2ms)  (pid 13585)
Compiled jquery_ujs.js  (0ms)  (pid 13585)
Compiled application.js  (11ms)  (pid 13585)
Completed 200 OK in 89ms (Views: 87.6ms | ActiveRecord: 0.2ms)


Started GET "/assets/application.css?body=1" for 127.0.0.1 at 2015-01-30 19:03:20 +0500
Served asset /application.css - 200 OK (1ms)


Started GET "/assets/jquery.js?body=1" for 127.0.0.1 at 2015-01-30 19:03:20 +0500
Served asset /jquery.js - 200 OK (3ms)


Started GET "/assets/application.js?body=1" for 127.0.0.1 at 2015-01-30 19:03:20 +0500
Served asset /application.js - 200 OK (31ms)


Started GET "/assets/jquery_ujs.js?body=1" for 127.0.0.1 at 2015-01-30 19:03:20 +0500
Served asset /jquery_ujs.js - 200 OK (1ms)
Connecting to database specified by database.yml


Started GET "/logout" for 127.0.0.1 at 2015-01-30 19:05:11 +0500
Connecting to database specified by database.yml
Processing by UserSessionsController#destroy as HTML
  [1m[36mUser Load (0.1ms)[0m  [1mSELECT `users`.* FROM `users` WHERE `users`.`uid` = '1' LIMIT 1[0m
Redirected to http://localhost:3000/users/sign_out
Completed 302 Found in 57ms (ActiveRecord: 0.8ms)


Started GET "/" for 127.0.0.1 at 2015-01-31 10:39:40 +0500
Processing by HomeController#index as HTML
Redirected to http://localhost:3001/auth/joshid
Filter chain halted as :login_required rendered or redirected
Completed 302 Found in 0ms (ActiveRecord: 0.0ms)


Started GET "/auth/joshid" for 127.0.0.1 at 2015-01-31 10:39:40 +0500


Started GET "/" for 127.0.0.1 at 2015-01-31 10:39:41 +0500
Processing by HomeController#index as HTML
Redirected to http://localhost:3001/auth/joshid
Filter chain halted as :login_required rendered or redirected
Completed 302 Found in 0ms (ActiveRecord: 0.0ms)


Started GET "/auth/joshid" for 127.0.0.1 at 2015-01-31 10:39:41 +0500


Started GET "/auth/joshid/callback?code=a034616a9730e78ed8a6554cfb3a61b4&response_type=code&state=733dc6319e5d617a1f5980e6e7204abcb4e69bfdafd82f3c" for 127.0.0.1 at 2015-01-31 10:39:53 +0500
Processing by UserSessionsController#create as HTML
  Parameters: {"code"=>"a034616a9730e78ed8a6554cfb3a61b4", "response_type"=>"code", "state"=>"733dc6319e5d617a1f5980e6e7204abcb4e69bfdafd82f3c", "provider"=>"joshid"}
+++ #<OmniAuth::AuthHash credentials=#<Hashie::Mash expires=true expires_at=1422684593 refresh_token="4b5651cb2bd4d44aabaaa0ea6e6052cb" token="97f772ac3d4e92158fa41a3b38b360a6"> extra=#<Hashie::Mash first_name="faisal" last_name="sahil"> info=#<OmniAuth::AuthHash::InfoHash email=nil> provider="joshid" uid="1">
  [1m[35mUser Load (0.1ms)[0m  SELECT `users`.* FROM `users` WHERE `users`.`uid` = '1' LIMIT 1
  [1m[36m (0.1ms)[0m  [1mBEGIN[0m
  [1m[35m (0.1ms)[0m  COMMIT
Redirected to http://localhost:3001/
Completed 302 Found in 3ms (ActiveRecord: 0.3ms)


Started GET "/" for 127.0.0.1 at 2015-01-31 10:39:53 +0500
Processing by HomeController#index as HTML
  [1m[36mUser Load (0.1ms)[0m  [1mSELECT `users`.* FROM `users` WHERE `users`.`uid` = '1' LIMIT 1[0m
  Rendered home/index.html.erb within layouts/application (2.4ms)
Completed 200 OK in 157ms (Views: 155.3ms | ActiveRecord: 0.1ms)


Started GET "/assets/application.css?body=1" for 127.0.0.1 at 2015-01-31 10:39:54 +0500
Served asset /application.css - 304 Not Modified (2ms)


Started GET "/assets/jquery.js?body=1" for 127.0.0.1 at 2015-01-31 10:39:54 +0500
Served asset /jquery.js - 304 Not Modified (2ms)


Started GET "/assets/jquery_ujs.js?body=1" for 127.0.0.1 at 2015-01-31 10:39:54 +0500
Served asset /jquery_ujs.js - 304 Not Modified (1ms)


Started GET "/assets/application.js?body=1" for 127.0.0.1 at 2015-01-31 10:39:54 +0500
Served asset /application.js - 304 Not Modified (2ms)


Started GET "/logout" for 127.0.0.1 at 2015-01-31 10:40:03 +0500
Processing by UserSessionsController#destroy as HTML
  [1m[35mUser Load (0.1ms)[0m  SELECT `users`.* FROM `users` WHERE `users`.`uid` = '1' LIMIT 1
Redirected to http://localhost:3000/users/sign_out
Completed 302 Found in 1ms (ActiveRecord: 0.1ms)


Started GET "/" for 127.0.0.1 at 2015-01-31 13:12:06 +0500
Processing by HomeController#index as HTML
Redirected to http://localhost:3001/auth/joshid
Filter chain halted as :login_required rendered or redirected
Completed 302 Found in 0ms (ActiveRecord: 0.0ms)


Started GET "/auth/joshid" for 127.0.0.1 at 2015-01-31 13:12:06 +0500


Started GET "/" for 127.0.0.1 at 2015-01-31 13:12:06 +0500
Processing by HomeController#index as HTML
Redirected to http://localhost:3001/auth/joshid
Filter chain halted as :login_required rendered or redirected
Completed 302 Found in 0ms (ActiveRecord: 0.0ms)


Started GET "/auth/joshid" for 127.0.0.1 at 2015-01-31 13:12:06 +0500


Started GET "/" for 127.0.0.1 at 2015-01-31 13:36:28 +0500
Processing by HomeController#index as HTML
Redirected to http://localhost:3001/auth/joshid
Filter chain halted as :login_required rendered or redirected
Completed 302 Found in 0ms (ActiveRecord: 0.0ms)


Started GET "/auth/joshid" for 127.0.0.1 at 2015-01-31 13:36:28 +0500


Started GET "/" for 127.0.0.1 at 2015-01-31 13:36:29 +0500
Processing by HomeController#index as HTML
Redirected to http://localhost:3001/auth/joshid
Filter chain halted as :login_required rendered or redirected
Completed 302 Found in 0ms (ActiveRecord: 0.0ms)


Started GET "/auth/joshid" for 127.0.0.1 at 2015-01-31 13:36:29 +0500


Started GET "/" for 127.0.0.1 at 2015-01-31 13:39:34 +0500
Processing by HomeController#index as HTML
Redirected to http://localhost:3001/auth/joshid
Filter chain halted as :login_required rendered or redirected
Completed 302 Found in 0ms (ActiveRecord: 0.0ms)


Started GET "/auth/joshid" for 127.0.0.1 at 2015-01-31 13:39:34 +0500


Started GET "/auth/joshid/callback?code=0f20dc8e036811d61c8dab49c33545e5&response_type=code&state=4ee81e04678aadedfd96b62b80731edfe9b60e3e7aa5d7e2" for 127.0.0.1 at 2015-01-31 13:39:34 +0500

OAuth2::Error (Could not find application: 
{"error":"Could not find application"}):
  oauth2 (0.8.0) lib/oauth2/client.rb:132:in `get_token'
  oauth2 (0.8.0) lib/oauth2/strategy/auth_code.rb:29:in `get_token'
  omniauth-oauth2 (1.1.1) lib/omniauth/strategies/oauth2.rb:99:in `build_access_token'
  omniauth-oauth2 (1.1.1) lib/omniauth/strategies/oauth2.rb:74:in `callback_phase'
  omniauth (1.1.1) lib/omniauth/strategy.rb:219:in `callback_call'
  omniauth (1.1.1) lib/omniauth/strategy.rb:175:in `call!'
  omniauth (1.1.1) lib/omniauth/strategy.rb:157:in `call'
  omniauth (1.1.1) lib/omniauth/builder.rb:48:in `call'
  actionpack (3.2.8) lib/action_dispatch/middleware/best_standards_support.rb:17:in `call'
  rack (1.4.1) lib/rack/etag.rb:23:in `call'
  rack (1.4.1) lib/rack/conditionalget.rb:25:in `call'
  actionpack (3.2.8) lib/action_dispatch/middleware/head.rb:14:in `call'
  actionpack (3.2.8) lib/action_dispatch/middleware/params_parser.rb:21:in `call'
  actionpack (3.2.8) lib/action_dispatch/middleware/flash.rb:242:in `call'
  rack (1.4.1) lib/rack/session/abstract/id.rb:205:in `context'
  rack (1.4.1) lib/rack/session/abstract/id.rb:200:in `call'
  actionpack (3.2.8) lib/action_dispatch/middleware/cookies.rb:339:in `call'
  activerecord (3.2.8) lib/active_record/query_cache.rb:64:in `call'
  activerecord (3.2.8) lib/active_record/connection_adapters/abstract/connection_pool.rb:473:in `call'
  actionpack (3.2.8) lib/action_dispatch/middleware/callbacks.rb:28:in `block in call'
  activesupport (3.2.8) lib/active_support/callbacks.rb:405:in `_run__4093830951601740165__call__2885185267952197659__callbacks'
  activesupport (3.2.8) lib/active_support/callbacks.rb:405:in `__run_callback'
  activesupport (3.2.8) lib/active_support/callbacks.rb:385:in `_run_call_callbacks'
  activesupport (3.2.8) lib/active_support/callbacks.rb:81:in `run_callbacks'
  actionpack (3.2.8) lib/action_dispatch/middleware/callbacks.rb:27:in `call'
  actionpack (3.2.8) lib/action_dispatch/middleware/reloader.rb:65:in `call'
  actionpack (3.2.8) lib/action_dispatch/middleware/remote_ip.rb:31:in `call'
  actionpack (3.2.8) lib/action_dispatch/middleware/debug_exceptions.rb:16:in `call'
  actionpack (3.2.8) lib/action_dispatch/middleware/show_exceptions.rb:56:in `call'
  railties (3.2.8) lib/rails/rack/logger.rb:26:in `call_app'
  railties (3.2.8) lib/rails/rack/logger.rb:16:in `call'
  actionpack (3.2.8) lib/action_dispatch/middleware/request_id.rb:22:in `call'
  rack (1.4.1) lib/rack/methodoverride.rb:21:in `call'
  rack (1.4.1) lib/rack/runtime.rb:17:in `call'
  activesupport (3.2.8) lib/active_support/cache/strategy/local_cache.rb:72:in `call'
  rack (1.4.1) lib/rack/lock.rb:15:in `call'
  actionpack (3.2.8) lib/action_dispatch/middleware/static.rb:62:in `call'
  railties (3.2.8) lib/rails/engine.rb:479:in `call'
  railties (3.2.8) lib/rails/application.rb:223:in `call'
  rack (1.4.1) lib/rack/content_length.rb:14:in `call'
  railties (3.2.8) lib/rails/rack/log_tailer.rb:17:in `call'
  rack (1.4.1) lib/rack/handler/webrick.rb:59:in `service'
  /home/devsinc/.rvm/rubies/ruby-1.9.3-p547/lib/ruby/1.9.1/webrick/httpserver.rb:138:in `service'
  /home/devsinc/.rvm/rubies/ruby-1.9.3-p547/lib/ruby/1.9.1/webrick/httpserver.rb:94:in `run'
  /home/devsinc/.rvm/rubies/ruby-1.9.3-p547/lib/ruby/1.9.1/webrick/server.rb:191:in `block in start_thread'


  Rendered /home/devsinc/.rvm/gems/ruby-1.9.3-p547@client/gems/actionpack-3.2.8/lib/action_dispatch/middleware/templates/rescues/_trace.erb (0.6ms)
  Rendered /home/devsinc/.rvm/gems/ruby-1.9.3-p547@client/gems/actionpack-3.2.8/lib/action_dispatch/middleware/templates/rescues/_request_and_response.erb (0.5ms)
  Rendered /home/devsinc/.rvm/gems/ruby-1.9.3-p547@client/gems/actionpack-3.2.8/lib/action_dispatch/middleware/templates/rescues/diagnostics.erb within rescues/layout (4.9ms)


Started GET "/" for 127.0.0.1 at 2015-01-31 13:47:50 +0500
Processing by HomeController#index as HTML
Redirected to http://localhost:3001/auth/joshid
Filter chain halted as :login_required rendered or redirected
Completed 302 Found in 0ms (ActiveRecord: 0.0ms)


Started GET "/auth/joshid" for 127.0.0.1 at 2015-01-31 13:47:50 +0500


Started GET "/auth/joshid/callback?code=1aec1622cb611076458a56e775f5d4d9&response_type=code&state=d2bb8d5221947aa5e6613df63ab9df8ec4db37c1f37c9d16" for 127.0.0.1 at 2015-01-31 13:47:50 +0500

OAuth2::Error (Could not find application: 
{"error":"Could not find application"}):
  oauth2 (0.8.0) lib/oauth2/client.rb:132:in `get_token'
  oauth2 (0.8.0) lib/oauth2/strategy/auth_code.rb:29:in `get_token'
  omniauth-oauth2 (1.1.1) lib/omniauth/strategies/oauth2.rb:99:in `build_access_token'
  omniauth-oauth2 (1.1.1) lib/omniauth/strategies/oauth2.rb:74:in `callback_phase'
  omniauth (1.1.1) lib/omniauth/strategy.rb:219:in `callback_call'
  omniauth (1.1.1) lib/omniauth/strategy.rb:175:in `call!'
  omniauth (1.1.1) lib/omniauth/strategy.rb:157:in `call'
  omniauth (1.1.1) lib/omniauth/builder.rb:48:in `call'
  actionpack (3.2.8) lib/action_dispatch/middleware/best_standards_support.rb:17:in `call'
  rack (1.4.1) lib/rack/etag.rb:23:in `call'
  rack (1.4.1) lib/rack/conditionalget.rb:25:in `call'
  actionpack (3.2.8) lib/action_dispatch/middleware/head.rb:14:in `call'
  actionpack (3.2.8) lib/action_dispatch/middleware/params_parser.rb:21:in `call'
  actionpack (3.2.8) lib/action_dispatch/middleware/flash.rb:242:in `call'
  rack (1.4.1) lib/rack/session/abstract/id.rb:205:in `context'
  rack (1.4.1) lib/rack/session/abstract/id.rb:200:in `call'
  actionpack (3.2.8) lib/action_dispatch/middleware/cookies.rb:339:in `call'
  activerecord (3.2.8) lib/active_record/query_cache.rb:64:in `call'
  activerecord (3.2.8) lib/active_record/connection_adapters/abstract/connection_pool.rb:473:in `call'
  actionpack (3.2.8) lib/action_dispatch/middleware/callbacks.rb:28:in `block in call'
  activesupport (3.2.8) lib/active_support/callbacks.rb:405:in `_run__4093830951601740165__call__2885185267952197659__callbacks'
  activesupport (3.2.8) lib/active_support/callbacks.rb:405:in `__run_callback'
  activesupport (3.2.8) lib/active_support/callbacks.rb:385:in `_run_call_callbacks'
  activesupport (3.2.8) lib/active_support/callbacks.rb:81:in `run_callbacks'
  actionpack (3.2.8) lib/action_dispatch/middleware/callbacks.rb:27:in `call'
  actionpack (3.2.8) lib/action_dispatch/middleware/reloader.rb:65:in `call'
  actionpack (3.2.8) lib/action_dispatch/middleware/remote_ip.rb:31:in `call'
  actionpack (3.2.8) lib/action_dispatch/middleware/debug_exceptions.rb:16:in `call'
  actionpack (3.2.8) lib/action_dispatch/middleware/show_exceptions.rb:56:in `call'
  railties (3.2.8) lib/rails/rack/logger.rb:26:in `call_app'
  railties (3.2.8) lib/rails/rack/logger.rb:16:in `call'
  actionpack (3.2.8) lib/action_dispatch/middleware/request_id.rb:22:in `call'
  rack (1.4.1) lib/rack/methodoverride.rb:21:in `call'
  rack (1.4.1) lib/rack/runtime.rb:17:in `call'
  activesupport (3.2.8) lib/active_support/cache/strategy/local_cache.rb:72:in `call'
  rack (1.4.1) lib/rack/lock.rb:15:in `call'
  actionpack (3.2.8) lib/action_dispatch/middleware/static.rb:62:in `call'
  railties (3.2.8) lib/rails/engine.rb:479:in `call'
  railties (3.2.8) lib/rails/application.rb:223:in `call'
  rack (1.4.1) lib/rack/content_length.rb:14:in `call'
  railties (3.2.8) lib/rails/rack/log_tailer.rb:17:in `call'
  rack (1.4.1) lib/rack/handler/webrick.rb:59:in `service'
  /home/devsinc/.rvm/rubies/ruby-1.9.3-p547/lib/ruby/1.9.1/webrick/httpserver.rb:138:in `service'
  /home/devsinc/.rvm/rubies/ruby-1.9.3-p547/lib/ruby/1.9.1/webrick/httpserver.rb:94:in `run'
  /home/devsinc/.rvm/rubies/ruby-1.9.3-p547/lib/ruby/1.9.1/webrick/server.rb:191:in `block in start_thread'


  Rendered /home/devsinc/.rvm/gems/ruby-1.9.3-p547@client/gems/actionpack-3.2.8/lib/action_dispatch/middleware/templates/rescues/_trace.erb (1.0ms)
  Rendered /home/devsinc/.rvm/gems/ruby-1.9.3-p547@client/gems/actionpack-3.2.8/lib/action_dispatch/middleware/templates/rescues/_request_and_response.erb (0.8ms)
  Rendered /home/devsinc/.rvm/gems/ruby-1.9.3-p547@client/gems/actionpack-3.2.8/lib/action_dispatch/middleware/templates/rescues/diagnostics.erb within rescues/layout (7.4ms)


Started GET "/" for 127.0.0.1 at 2015-01-31 13:48:16 +0500
Connecting to database specified by database.yml
Processing by HomeController#index as HTML
Redirected to http://localhost:3001/auth/joshid
Filter chain halted as :login_required rendered or redirected
Completed 302 Found in 1ms (ActiveRecord: 0.0ms)


Started GET "/" for 127.0.0.1 at 2015-01-31 13:48:17 +0500
Processing by HomeController#index as HTML
Redirected to http://localhost:3001/auth/joshid
Filter chain halted as :login_required rendered or redirected
Completed 302 Found in 0ms (ActiveRecord: 0.0ms)


Started GET "/auth/joshid" for 127.0.0.1 at 2015-01-31 13:48:17 +0500


Started GET "/auth/joshid/callback?code=d0823dc78a6667b266ce6aaa93e0c6de&response_type=code&state=84fe9e2ce2bae94c7ca98cb4c72901ad8cffc5455096c34c" for 127.0.0.1 at 2015-01-31 13:48:17 +0500

OAuth2::Error (You need to sign in or sign up before continuing.: 
{"error":"You need to sign in or sign up before continuing."}):
  lib/josh_id.rb:30:in `raw_info'
  lib/josh_id.rb:14:in `block in <class:JoshId>'


  Rendered /home/devsinc/.rvm/gems/ruby-1.9.3-p547@client/gems/actionpack-3.2.8/lib/action_dispatch/middleware/templates/rescues/_trace.erb (0.7ms)
  Rendered /home/devsinc/.rvm/gems/ruby-1.9.3-p547@client/gems/actionpack-3.2.8/lib/action_dispatch/middleware/templates/rescues/_request_and_response.erb (1.0ms)
  Rendered /home/devsinc/.rvm/gems/ruby-1.9.3-p547@client/gems/actionpack-3.2.8/lib/action_dispatch/middleware/templates/rescues/diagnostics.erb within rescues/layout (7.0ms)


Started GET "/" for 127.0.0.1 at 2015-01-31 13:48:35 +0500
Processing by HomeController#index as HTML
Redirected to http://localhost:3001/auth/joshid
Filter chain halted as :login_required rendered or redirected
Completed 302 Found in 0ms (ActiveRecord: 0.0ms)


Started GET "/auth/joshid" for 127.0.0.1 at 2015-01-31 13:48:35 +0500


Started GET "/auth/joshid/callback?code=77bf0dd5a84c59ed63b1e9a4e6527734&response_type=code&state=2dbe5b6f96c97a5b24766ab1f4372722264d265a4a7e6e03" for 127.0.0.1 at 2015-01-31 13:48:36 +0500

OAuth2::Error (You need to sign in or sign up before continuing.: 
{"error":"You need to sign in or sign up before continuing."}):
  lib/josh_id.rb:30:in `raw_info'
  lib/josh_id.rb:14:in `block in <class:JoshId>'


  Rendered /home/devsinc/.rvm/gems/ruby-1.9.3-p547@client/gems/actionpack-3.2.8/lib/action_dispatch/middleware/templates/rescues/_trace.erb (0.6ms)
  Rendered /home/devsinc/.rvm/gems/ruby-1.9.3-p547@client/gems/actionpack-3.2.8/lib/action_dispatch/middleware/templates/rescues/_request_and_response.erb (0.5ms)
  Rendered /home/devsinc/.rvm/gems/ruby-1.9.3-p547@client/gems/actionpack-3.2.8/lib/action_dispatch/middleware/templates/rescues/diagnostics.erb within rescues/layout (4.6ms)


Started GET "/" for 127.0.0.1 at 2015-01-31 14:07:17 +0500
Connecting to database specified by database.yml
Processing by HomeController#index as HTML
Redirected to http://localhost:3001/auth/joshid
Filter chain halted as :login_required rendered or redirected
Completed 302 Found in 1ms (ActiveRecord: 0.0ms)


Started GET "/auth/joshid" for 127.0.0.1 at 2015-01-31 14:07:18 +0500


Started GET "/" for 127.0.0.1 at 2015-01-31 14:08:19 +0500
Processing by HomeController#index as HTML
Redirected to http://localhost:3001/auth/joshid
Filter chain halted as :login_required rendered or redirected
Completed 302 Found in 0ms (ActiveRecord: 0.0ms)


Started GET "/auth/joshid" for 127.0.0.1 at 2015-01-31 14:08:19 +0500


Started GET "/auth/joshid/callback?code=6b6bbdd8a5a6f12c0ff9ce5f05c6a49f&response_type=code&state=9445b0ed3cfe739197d75f2aa75427eb04d3d02ee6dc5a91" for 127.0.0.1 at 2015-01-31 14:08:20 +0500

OAuth2::Error (Could not find application: 
{"error":"Could not find application"}):
  oauth2 (0.8.0) lib/oauth2/client.rb:132:in `get_token'
  oauth2 (0.8.0) lib/oauth2/strategy/auth_code.rb:29:in `get_token'
  omniauth-oauth2 (1.1.1) lib/omniauth/strategies/oauth2.rb:99:in `build_access_token'
  omniauth-oauth2 (1.1.1) lib/omniauth/strategies/oauth2.rb:74:in `callback_phase'
  omniauth (1.1.1) lib/omniauth/strategy.rb:219:in `callback_call'
  omniauth (1.1.1) lib/omniauth/strategy.rb:175:in `call!'
  omniauth (1.1.1) lib/omniauth/strategy.rb:157:in `call'
  omniauth (1.1.1) lib/omniauth/builder.rb:48:in `call'
  actionpack (3.2.8) lib/action_dispatch/middleware/best_standards_support.rb:17:in `call'
  rack (1.4.1) lib/rack/etag.rb:23:in `call'
  rack (1.4.1) lib/rack/conditionalget.rb:25:in `call'
  actionpack (3.2.8) lib/action_dispatch/middleware/head.rb:14:in `call'
  actionpack (3.2.8) lib/action_dispatch/middleware/params_parser.rb:21:in `call'
  actionpack (3.2.8) lib/action_dispatch/middleware/flash.rb:242:in `call'
  rack (1.4.1) lib/rack/session/abstract/id.rb:205:in `context'
  rack (1.4.1) lib/rack/session/abstract/id.rb:200:in `call'
  actionpack (3.2.8) lib/action_dispatch/middleware/cookies.rb:339:in `call'
  activerecord (3.2.8) lib/active_record/query_cache.rb:64:in `call'
  activerecord (3.2.8) lib/active_record/connection_adapters/abstract/connection_pool.rb:473:in `call'
  actionpack (3.2.8) lib/action_dispatch/middleware/callbacks.rb:28:in `block in call'
  activesupport (3.2.8) lib/active_support/callbacks.rb:405:in `_run__2485191765475155742__call__4072215974264926954__callbacks'
  activesupport (3.2.8) lib/active_support/callbacks.rb:405:in `__run_callback'
  activesupport (3.2.8) lib/active_support/callbacks.rb:385:in `_run_call_callbacks'
  activesupport (3.2.8) lib/active_support/callbacks.rb:81:in `run_callbacks'
  actionpack (3.2.8) lib/action_dispatch/middleware/callbacks.rb:27:in `call'
  actionpack (3.2.8) lib/action_dispatch/middleware/reloader.rb:65:in `call'
  actionpack (3.2.8) lib/action_dispatch/middleware/remote_ip.rb:31:in `call'
  actionpack (3.2.8) lib/action_dispatch/middleware/debug_exceptions.rb:16:in `call'
  actionpack (3.2.8) lib/action_dispatch/middleware/show_exceptions.rb:56:in `call'
  railties (3.2.8) lib/rails/rack/logger.rb:26:in `call_app'
  railties (3.2.8) lib/rails/rack/logger.rb:16:in `call'
  actionpack (3.2.8) lib/action_dispatch/middleware/request_id.rb:22:in `call'
  rack (1.4.1) lib/rack/methodoverride.rb:21:in `call'
  rack (1.4.1) lib/rack/runtime.rb:17:in `call'
  activesupport (3.2.8) lib/active_support/cache/strategy/local_cache.rb:72:in `call'
  rack (1.4.1) lib/rack/lock.rb:15:in `call'
  actionpack (3.2.8) lib/action_dispatch/middleware/static.rb:62:in `call'
  railties (3.2.8) lib/rails/engine.rb:479:in `call'
  railties (3.2.8) lib/rails/application.rb:223:in `call'
  rack (1.4.1) lib/rack/content_length.rb:14:in `call'
  railties (3.2.8) lib/rails/rack/log_tailer.rb:17:in `call'
  rack (1.4.1) lib/rack/handler/webrick.rb:59:in `service'
  /home/devsinc/.rvm/rubies/ruby-1.9.3-p547/lib/ruby/1.9.1/webrick/httpserver.rb:138:in `service'
  /home/devsinc/.rvm/rubies/ruby-1.9.3-p547/lib/ruby/1.9.1/webrick/httpserver.rb:94:in `run'
  /home/devsinc/.rvm/rubies/ruby-1.9.3-p547/lib/ruby/1.9.1/webrick/server.rb:191:in `block in start_thread'


  Rendered /home/devsinc/.rvm/gems/ruby-1.9.3-p547@client/gems/actionpack-3.2.8/lib/action_dispatch/middleware/templates/rescues/_trace.erb (0.8ms)
  Rendered /home/devsinc/.rvm/gems/ruby-1.9.3-p547@client/gems/actionpack-3.2.8/lib/action_dispatch/middleware/templates/rescues/_request_and_response.erb (0.8ms)
  Rendered /home/devsinc/.rvm/gems/ruby-1.9.3-p547@client/gems/actionpack-3.2.8/lib/action_dispatch/middleware/templates/rescues/diagnostics.erb within rescues/layout (8.5ms)


Started GET "/" for 127.0.0.1 at 2015-01-31 14:08:20 +0500
Processing by HomeController#index as HTML
Redirected to http://localhost:3001/auth/joshid
Filter chain halted as :login_required rendered or redirected
Completed 302 Found in 0ms (ActiveRecord: 0.0ms)


Started GET "/auth/joshid" for 127.0.0.1 at 2015-01-31 14:08:20 +0500


Started GET "/auth/joshid/callback?code=bd19b468154de28af3547140908db9c8&response_type=code&state=cec1c8676d66e616aae55ac8f7ac6c9b1b0ab99e02dada4b" for 127.0.0.1 at 2015-01-31 14:08:20 +0500

OAuth2::Error (Could not find application: 
{"error":"Could not find application"}):
  oauth2 (0.8.0) lib/oauth2/client.rb:132:in `get_token'
  oauth2 (0.8.0) lib/oauth2/strategy/auth_code.rb:29:in `get_token'
  omniauth-oauth2 (1.1.1) lib/omniauth/strategies/oauth2.rb:99:in `build_access_token'
  omniauth-oauth2 (1.1.1) lib/omniauth/strategies/oauth2.rb:74:in `callback_phase'
  omniauth (1.1.1) lib/omniauth/strategy.rb:219:in `callback_call'
  omniauth (1.1.1) lib/omniauth/strategy.rb:175:in `call!'
  omniauth (1.1.1) lib/omniauth/strategy.rb:157:in `call'
  omniauth (1.1.1) lib/omniauth/builder.rb:48:in `call'
  actionpack (3.2.8) lib/action_dispatch/middleware/best_standards_support.rb:17:in `call'
  rack (1.4.1) lib/rack/etag.rb:23:in `call'
  rack (1.4.1) lib/rack/conditionalget.rb:25:in `call'
  actionpack (3.2.8) lib/action_dispatch/middleware/head.rb:14:in `call'
  actionpack (3.2.8) lib/action_dispatch/middleware/params_parser.rb:21:in `call'
  actionpack (3.2.8) lib/action_dispatch/middleware/flash.rb:242:in `call'
  rack (1.4.1) lib/rack/session/abstract/id.rb:205:in `context'
  rack (1.4.1) lib/rack/session/abstract/id.rb:200:in `call'
  actionpack (3.2.8) lib/action_dispatch/middleware/cookies.rb:339:in `call'
  activerecord (3.2.8) lib/active_record/query_cache.rb:64:in `call'
  activerecord (3.2.8) lib/active_record/connection_adapters/abstract/connection_pool.rb:473:in `call'
  actionpack (3.2.8) lib/action_dispatch/middleware/callbacks.rb:28:in `block in call'
  activesupport (3.2.8) lib/active_support/callbacks.rb:405:in `_run__2485191765475155742__call__4072215974264926954__callbacks'
  activesupport (3.2.8) lib/active_support/callbacks.rb:405:in `__run_callback'
  activesupport (3.2.8) lib/active_support/callbacks.rb:385:in `_run_call_callbacks'
  activesupport (3.2.8) lib/active_support/callbacks.rb:81:in `run_callbacks'
  actionpack (3.2.8) lib/action_dispatch/middleware/callbacks.rb:27:in `call'
  actionpack (3.2.8) lib/action_dispatch/middleware/reloader.rb:65:in `call'
  actionpack (3.2.8) lib/action_dispatch/middleware/remote_ip.rb:31:in `call'
  actionpack (3.2.8) lib/action_dispatch/middleware/debug_exceptions.rb:16:in `call'
  actionpack (3.2.8) lib/action_dispatch/middleware/show_exceptions.rb:56:in `call'
  railties (3.2.8) lib/rails/rack/logger.rb:26:in `call_app'
  railties (3.2.8) lib/rails/rack/logger.rb:16:in `call'
  actionpack (3.2.8) lib/action_dispatch/middleware/request_id.rb:22:in `call'
  rack (1.4.1) lib/rack/methodoverride.rb:21:in `call'
  rack (1.4.1) lib/rack/runtime.rb:17:in `call'
  activesupport (3.2.8) lib/active_support/cache/strategy/local_cache.rb:72:in `call'
  rack (1.4.1) lib/rack/lock.rb:15:in `call'
  actionpack (3.2.8) lib/action_dispatch/middleware/static.rb:62:in `call'
  railties (3.2.8) lib/rails/engine.rb:479:in `call'
  railties (3.2.8) lib/rails/application.rb:223:in `call'
  rack (1.4.1) lib/rack/content_length.rb:14:in `call'
  railties (3.2.8) lib/rails/rack/log_tailer.rb:17:in `call'
  rack (1.4.1) lib/rack/handler/webrick.rb:59:in `service'
  /home/devsinc/.rvm/rubies/ruby-1.9.3-p547/lib/ruby/1.9.1/webrick/httpserver.rb:138:in `service'
  /home/devsinc/.rvm/rubies/ruby-1.9.3-p547/lib/ruby/1.9.1/webrick/httpserver.rb:94:in `run'
  /home/devsinc/.rvm/rubies/ruby-1.9.3-p547/lib/ruby/1.9.1/webrick/server.rb:191:in `block in start_thread'


  Rendered /home/devsinc/.rvm/gems/ruby-1.9.3-p547@client/gems/actionpack-3.2.8/lib/action_dispatch/middleware/templates/rescues/_trace.erb (1.5ms)
  Rendered /home/devsinc/.rvm/gems/ruby-1.9.3-p547@client/gems/actionpack-3.2.8/lib/action_dispatch/middleware/templates/rescues/_request_and_response.erb (1.3ms)
  Rendered /home/devsinc/.rvm/gems/ruby-1.9.3-p547@client/gems/actionpack-3.2.8/lib/action_dispatch/middleware/templates/rescues/diagnostics.erb within rescues/layout (10.4ms)


Started GET "/" for 127.0.0.1 at 2015-01-31 14:08:34 +0500
Processing by HomeController#index as HTML
Redirected to http://localhost:3001/auth/joshid
Filter chain halted as :login_required rendered or redirected
Completed 302 Found in 0ms (ActiveRecord: 0.0ms)


Started GET "/auth/joshid" for 127.0.0.1 at 2015-01-31 14:08:34 +0500


Started GET "/auth/joshid/callback?code=fd2d419a720106be1287281da2d5bc3a&response_type=code&state=6b27abcd47947d6b175abf276f8f8136bd1eb4acf76a2495" for 127.0.0.1 at 2015-01-31 14:08:34 +0500

OAuth2::Error (Could not find application: 
{"error":"Could not find application"}):
  oauth2 (0.8.0) lib/oauth2/client.rb:132:in `get_token'
  oauth2 (0.8.0) lib/oauth2/strategy/auth_code.rb:29:in `get_token'
  omniauth-oauth2 (1.1.1) lib/omniauth/strategies/oauth2.rb:99:in `build_access_token'
  omniauth-oauth2 (1.1.1) lib/omniauth/strategies/oauth2.rb:74:in `callback_phase'
  omniauth (1.1.1) lib/omniauth/strategy.rb:219:in `callback_call'
  omniauth (1.1.1) lib/omniauth/strategy.rb:175:in `call!'
  omniauth (1.1.1) lib/omniauth/strategy.rb:157:in `call'
  omniauth (1.1.1) lib/omniauth/builder.rb:48:in `call'
  actionpack (3.2.8) lib/action_dispatch/middleware/best_standards_support.rb:17:in `call'
  rack (1.4.1) lib/rack/etag.rb:23:in `call'
  rack (1.4.1) lib/rack/conditionalget.rb:25:in `call'
  actionpack (3.2.8) lib/action_dispatch/middleware/head.rb:14:in `call'
  actionpack (3.2.8) lib/action_dispatch/middleware/params_parser.rb:21:in `call'
  actionpack (3.2.8) lib/action_dispatch/middleware/flash.rb:242:in `call'
  rack (1.4.1) lib/rack/session/abstract/id.rb:205:in `context'
  rack (1.4.1) lib/rack/session/abstract/id.rb:200:in `call'
  actionpack (3.2.8) lib/action_dispatch/middleware/cookies.rb:339:in `call'
  activerecord (3.2.8) lib/active_record/query_cache.rb:64:in `call'
  activerecord (3.2.8) lib/active_record/connection_adapters/abstract/connection_pool.rb:473:in `call'
  actionpack (3.2.8) lib/action_dispatch/middleware/callbacks.rb:28:in `block in call'
  activesupport (3.2.8) lib/active_support/callbacks.rb:405:in `_run__2485191765475155742__call__4072215974264926954__callbacks'
  activesupport (3.2.8) lib/active_support/callbacks.rb:405:in `__run_callback'
  activesupport (3.2.8) lib/active_support/callbacks.rb:385:in `_run_call_callbacks'
  activesupport (3.2.8) lib/active_support/callbacks.rb:81:in `run_callbacks'
  actionpack (3.2.8) lib/action_dispatch/middleware/callbacks.rb:27:in `call'
  actionpack (3.2.8) lib/action_dispatch/middleware/reloader.rb:65:in `call'
  actionpack (3.2.8) lib/action_dispatch/middleware/remote_ip.rb:31:in `call'
  actionpack (3.2.8) lib/action_dispatch/middleware/debug_exceptions.rb:16:in `call'
  actionpack (3.2.8) lib/action_dispatch/middleware/show_exceptions.rb:56:in `call'
  railties (3.2.8) lib/rails/rack/logger.rb:26:in `call_app'
  railties (3.2.8) lib/rails/rack/logger.rb:16:in `call'
  actionpack (3.2.8) lib/action_dispatch/middleware/request_id.rb:22:in `call'
  rack (1.4.1) lib/rack/methodoverride.rb:21:in `call'
  rack (1.4.1) lib/rack/runtime.rb:17:in `call'
  activesupport (3.2.8) lib/active_support/cache/strategy/local_cache.rb:72:in `call'
  rack (1.4.1) lib/rack/lock.rb:15:in `call'
  actionpack (3.2.8) lib/action_dispatch/middleware/static.rb:62:in `call'
  railties (3.2.8) lib/rails/engine.rb:479:in `call'
  railties (3.2.8) lib/rails/application.rb:223:in `call'
  rack (1.4.1) lib/rack/content_length.rb:14:in `call'
  railties (3.2.8) lib/rails/rack/log_tailer.rb:17:in `call'
  rack (1.4.1) lib/rack/handler/webrick.rb:59:in `service'
  /home/devsinc/.rvm/rubies/ruby-1.9.3-p547/lib/ruby/1.9.1/webrick/httpserver.rb:138:in `service'
  /home/devsinc/.rvm/rubies/ruby-1.9.3-p547/lib/ruby/1.9.1/webrick/httpserver.rb:94:in `run'
  /home/devsinc/.rvm/rubies/ruby-1.9.3-p547/lib/ruby/1.9.1/webrick/server.rb:191:in `block in start_thread'


  Rendered /home/devsinc/.rvm/gems/ruby-1.9.3-p547@client/gems/actionpack-3.2.8/lib/action_dispatch/middleware/templates/rescues/_trace.erb (0.9ms)
  Rendered /home/devsinc/.rvm/gems/ruby-1.9.3-p547@client/gems/actionpack-3.2.8/lib/action_dispatch/middleware/templates/rescues/_request_and_response.erb (0.8ms)
  Rendered /home/devsinc/.rvm/gems/ruby-1.9.3-p547@client/gems/actionpack-3.2.8/lib/action_dispatch/middleware/templates/rescues/diagnostics.erb within rescues/layout (6.5ms)


Started GET "/" for 127.0.0.1 at 2015-01-31 14:09:19 +0500
Connecting to database specified by database.yml
Processing by HomeController#index as HTML
Redirected to http://localhost:3001/auth/joshid
Filter chain halted as :login_required rendered or redirected
Completed 302 Found in 0ms (ActiveRecord: 0.0ms)


Started GET "/" for 127.0.0.1 at 2015-01-31 14:09:20 +0500
Processing by HomeController#index as HTML
Redirected to http://localhost:3001/auth/joshid
Filter chain halted as :login_required rendered or redirected
Completed 302 Found in 0ms (ActiveRecord: 0.0ms)


Started GET "/auth/joshid" for 127.0.0.1 at 2015-01-31 14:09:20 +0500


Started GET "/auth/joshid/callback?code=d93472c1f7835251a47d9aaffe985c63&response_type=code&state=93ef03c1a1d3b0a5c3342244d0300de7b166d0314636b249" for 127.0.0.1 at 2015-01-31 14:09:20 +0500

OAuth2::Error (You need to sign in or sign up before continuing.: 
{"error":"You need to sign in or sign up before continuing."}):
  lib/josh_id.rb:30:in `raw_info'
  lib/josh_id.rb:14:in `block in <class:JoshId>'


  Rendered /home/devsinc/.rvm/gems/ruby-1.9.3-p547@client/gems/actionpack-3.2.8/lib/action_dispatch/middleware/templates/rescues/_trace.erb (0.8ms)
  Rendered /home/devsinc/.rvm/gems/ruby-1.9.3-p547@client/gems/actionpack-3.2.8/lib/action_dispatch/middleware/templates/rescues/_request_and_response.erb (0.9ms)
  Rendered /home/devsinc/.rvm/gems/ruby-1.9.3-p547@client/gems/actionpack-3.2.8/lib/action_dispatch/middleware/templates/rescues/diagnostics.erb within rescues/layout (7.5ms)


Started GET "/" for 127.0.0.1 at 2015-01-31 14:21:01 +0500
Connecting to database specified by database.yml
Processing by HomeController#index as HTML
Redirected to http://localhost:3001/auth/joshid
Filter chain halted as :login_required rendered or redirected
Completed 302 Found in 0ms (ActiveRecord: 0.0ms)


Started GET "/auth/joshid" for 127.0.0.1 at 2015-01-31 14:21:02 +0500


Started GET "/auth/joshid/callback?code=a2084a4539588886a0ee8d5fd29ebdd3&response_type=code&state=61e907c815b3a4836e0c4ce50168294ec80f08723cbf5582" for 127.0.0.1 at 2015-01-31 14:21:29 +0500
Processing by UserSessionsController#create as HTML
  Parameters: {"code"=>"a2084a4539588886a0ee8d5fd29ebdd3", "response_type"=>"code", "state"=>"61e907c815b3a4836e0c4ce50168294ec80f08723cbf5582", "provider"=>"joshid"}
+++ #<OmniAuth::AuthHash credentials=#<Hashie::Mash expires=true expires_at=1422697889 refresh_token="7d85c0e83016d09b51f3ee74d9d53ef3" token="e832f928948098e8d6a6ded7f6baadfb"> extra=#<Hashie::Mash first_name="ali" last_name=""> info=#<OmniAuth::AuthHash::InfoHash email=nil> provider="joshid" uid="2">
  [1m[36mUser Load (0.3ms)[0m  [1mSELECT `users`.* FROM `users` WHERE `users`.`uid` = '2' LIMIT 1[0m
  [1m[35m (0.1ms)[0m  BEGIN
  [1m[36mSQL (0.8ms)[0m  [1mINSERT INTO `users` (`created_at`, `first_name`, `last_name`, `status`, `uid`, `updated_at`) VALUES ('2015-01-31 09:21:30', 'ali', '', NULL, '2', '2015-01-31 09:21:30')[0m
  [1m[35m (65.8ms)[0m  COMMIT
Redirected to http://localhost:3001/
Completed 302 Found in 249ms (ActiveRecord: 82.1ms)


Started GET "/" for 127.0.0.1 at 2015-01-31 14:21:30 +0500
Processing by HomeController#index as HTML
  [1m[36mUser Load (0.2ms)[0m  [1mSELECT `users`.* FROM `users` WHERE `users`.`uid` = '2' LIMIT 1[0m
  Rendered home/index.html.erb within layouts/application (1.8ms)
Completed 200 OK in 66ms (Views: 64.3ms | ActiveRecord: 0.2ms)


Started GET "/assets/application.css?body=1" for 127.0.0.1 at 2015-01-31 14:21:30 +0500
Served asset /application.css - 304 Not Modified (3ms)


Started GET "/assets/jquery_ujs.js?body=1" for 127.0.0.1 at 2015-01-31 14:21:30 +0500
Served asset /jquery_ujs.js - 304 Not Modified (27ms)


Started GET "/assets/jquery.js?body=1" for 127.0.0.1 at 2015-01-31 14:21:30 +0500
Served asset /jquery.js - 304 Not Modified (3ms)


Started GET "/assets/application.js?body=1" for 127.0.0.1 at 2015-01-31 14:21:30 +0500
Served asset /application.js - 304 Not Modified (3ms)


Started GET "/logout" for 127.0.0.1 at 2015-01-31 14:21:43 +0500
Processing by UserSessionsController#destroy as HTML
  [1m[35mUser Load (0.2ms)[0m  SELECT `users`.* FROM `users` WHERE `users`.`uid` = '2' LIMIT 1
Redirected to http://localhost:3000/users/sign_out
Completed 302 Found in 5ms (ActiveRecord: 0.2ms)


Started GET "/" for 127.0.0.1 at 2015-01-31 14:21:46 +0500
Processing by HomeController#index as HTML
Redirected to http://localhost:3001/auth/joshid
Filter chain halted as :login_required rendered or redirected
Completed 302 Found in 0ms (ActiveRecord: 0.0ms)


Started GET "/auth/joshid" for 127.0.0.1 at 2015-01-31 14:21:46 +0500


Started GET "/" for 127.0.0.1 at 2015-01-31 14:21:48 +0500
Processing by HomeController#index as HTML
Redirected to http://localhost:3001/auth/joshid
Filter chain halted as :login_required rendered or redirected
Completed 302 Found in 0ms (ActiveRecord: 0.0ms)


Started GET "/auth/joshid" for 127.0.0.1 at 2015-01-31 14:21:48 +0500


Started GET "/" for 127.0.0.1 at 2015-01-31 14:22:32 +0500
Processing by HomeController#index as HTML
Redirected to http://localhost:3001/auth/joshid
Filter chain halted as :login_required rendered or redirected
Completed 302 Found in 0ms (ActiveRecord: 0.0ms)


Started GET "/auth/joshid" for 127.0.0.1 at 2015-01-31 14:22:32 +0500


Started GET "/" for 127.0.0.1 at 2015-01-31 14:23:19 +0500
Processing by HomeController#index as HTML
Redirected to http://localhost:3001/auth/joshid
Filter chain halted as :login_required rendered or redirected
Completed 302 Found in 0ms (ActiveRecord: 0.0ms)


Started GET "/auth/joshid" for 127.0.0.1 at 2015-01-31 14:23:19 +0500


Started GET "/" for 127.0.0.1 at 2015-01-31 14:23:40 +0500
Connecting to database specified by database.yml
Processing by HomeController#index as HTML
Redirected to http://localhost:3001/auth/joshid
Filter chain halted as :login_required rendered or redirected
Completed 302 Found in 0ms (ActiveRecord: 0.0ms)


Started GET "/auth/joshid" for 127.0.0.1 at 2015-01-31 14:23:41 +0500


Started GET "/" for 127.0.0.1 at 2015-01-31 14:23:41 +0500
Processing by HomeController#index as HTML
Redirected to http://localhost:3001/auth/joshid
Filter chain halted as :login_required rendered or redirected
Completed 302 Found in 0ms (ActiveRecord: 0.0ms)


Started GET "/auth/joshid" for 127.0.0.1 at 2015-01-31 14:23:41 +0500


Started GET "/" for 127.0.0.1 at 2015-01-31 14:24:21 +0500
Processing by HomeController#index as HTML
Redirected to http://localhost:3001/auth/joshid
Filter chain halted as :login_required rendered or redirected
Completed 302 Found in 0ms (ActiveRecord: 0.0ms)


Started GET "/auth/joshid" for 127.0.0.1 at 2015-01-31 14:24:21 +0500


Started GET "/" for 127.0.0.1 at 2015-01-31 14:24:28 +0500
Processing by HomeController#index as HTML
Redirected to http://localhost:3001/auth/joshid
Filter chain halted as :login_required rendered or redirected
Completed 302 Found in 0ms (ActiveRecord: 0.0ms)


Started GET "/auth/joshid" for 127.0.0.1 at 2015-01-31 14:24:28 +0500


Started GET "/" for 127.0.0.1 at 2015-01-31 14:25:20 +0500
Processing by HomeController#index as HTML
Redirected to http://localhost:3001/auth/joshid
Filter chain halted as :login_required rendered or redirected
Completed 302 Found in 0ms (ActiveRecord: 0.0ms)


Started GET "/auth/joshid" for 127.0.0.1 at 2015-01-31 14:25:20 +0500


Started GET "/" for 127.0.0.1 at 2015-01-31 14:25:58 +0500
Processing by HomeController#index as HTML
Redirected to http://localhost:3001/auth/joshid
Filter chain halted as :login_required rendered or redirected
Completed 302 Found in 0ms (ActiveRecord: 0.0ms)


Started GET "/auth/joshid" for 127.0.0.1 at 2015-01-31 14:25:58 +0500


Started GET "/" for 127.0.0.1 at 2015-01-31 14:27:33 +0500
Processing by HomeController#index as HTML
Redirected to http://localhost:3001/auth/joshid
Filter chain halted as :login_required rendered or redirected
Completed 302 Found in 0ms (ActiveRecord: 0.0ms)


Started GET "/auth/joshid" for 127.0.0.1 at 2015-01-31 14:27:33 +0500


Started GET "/auth/joshid/callback?code=5996e97c83cab94d70fb53a1b1d16e55&response_type=code&state=6e2f0e68676812615243572fdda75a8bfed59a73c76e5bff" for 127.0.0.1 at 2015-01-31 14:27:49 +0500

OAuth2::Error (You need to sign in or sign up before continuing.: 
{"error":"You need to sign in or sign up before continuing."}):
  lib/josh_id.rb:30:in `raw_info'
  lib/josh_id.rb:14:in `block in <class:JoshId>'


  Rendered /home/devsinc/.rvm/gems/ruby-1.9.3-p547@client/gems/actionpack-3.2.8/lib/action_dispatch/middleware/templates/rescues/_trace.erb (1.1ms)
  Rendered /home/devsinc/.rvm/gems/ruby-1.9.3-p547@client/gems/actionpack-3.2.8/lib/action_dispatch/middleware/templates/rescues/_request_and_response.erb (0.9ms)
  Rendered /home/devsinc/.rvm/gems/ruby-1.9.3-p547@client/gems/actionpack-3.2.8/lib/action_dispatch/middleware/templates/rescues/diagnostics.erb within rescues/layout (8.5ms)


Started GET "/" for 127.0.0.1 at 2015-01-31 14:35:10 +0500
Connecting to database specified by database.yml
Processing by HomeController#index as HTML
Redirected to http://localhost:3001/auth/joshid
Filter chain halted as :login_required rendered or redirected
Completed 302 Found in 1ms (ActiveRecord: 0.0ms)


Started GET "/auth/joshid" for 127.0.0.1 at 2015-01-31 14:35:10 +0500


Started GET "/auth/joshid/callback?code=7c8ff5ce40e40a3ac26f45ad34665ad0&response_type=code&state=c50981b8e42ce8d9490a8babdc33180bf6b5ba23c41b0a50" for 127.0.0.1 at 2015-01-31 14:35:11 +0500

OAuth2::Error (Could not find application: 
{"error":"Could not find application"}):
  oauth2 (0.8.0) lib/oauth2/client.rb:132:in `get_token'
  oauth2 (0.8.0) lib/oauth2/strategy/auth_code.rb:29:in `get_token'
  omniauth-oauth2 (1.1.1) lib/omniauth/strategies/oauth2.rb:99:in `build_access_token'
  omniauth-oauth2 (1.1.1) lib/omniauth/strategies/oauth2.rb:74:in `callback_phase'
  omniauth (1.1.1) lib/omniauth/strategy.rb:219:in `callback_call'
  omniauth (1.1.1) lib/omniauth/strategy.rb:175:in `call!'
  omniauth (1.1.1) lib/omniauth/strategy.rb:157:in `call'
  omniauth (1.1.1) lib/omniauth/builder.rb:48:in `call'
  actionpack (3.2.8) lib/action_dispatch/middleware/best_standards_support.rb:17:in `call'
  rack (1.4.1) lib/rack/etag.rb:23:in `call'
  rack (1.4.1) lib/rack/conditionalget.rb:25:in `call'
  actionpack (3.2.8) lib/action_dispatch/middleware/head.rb:14:in `call'
  actionpack (3.2.8) lib/action_dispatch/middleware/params_parser.rb:21:in `call'
  actionpack (3.2.8) lib/action_dispatch/middleware/flash.rb:242:in `call'
  rack (1.4.1) lib/rack/session/abstract/id.rb:205:in `context'
  rack (1.4.1) lib/rack/session/abstract/id.rb:200:in `call'
  actionpack (3.2.8) lib/action_dispatch/middleware/cookies.rb:339:in `call'
  activerecord (3.2.8) lib/active_record/query_cache.rb:64:in `call'
  activerecord (3.2.8) lib/active_record/connection_adapters/abstract/connection_pool.rb:473:in `call'
  actionpack (3.2.8) lib/action_dispatch/middleware/callbacks.rb:28:in `block in call'
  activesupport (3.2.8) lib/active_support/callbacks.rb:405:in `_run__3599545113848681676__call__1072915897237502254__callbacks'
  activesupport (3.2.8) lib/active_support/callbacks.rb:405:in `__run_callback'
  activesupport (3.2.8) lib/active_support/callbacks.rb:385:in `_run_call_callbacks'
  activesupport (3.2.8) lib/active_support/callbacks.rb:81:in `run_callbacks'
  actionpack (3.2.8) lib/action_dispatch/middleware/callbacks.rb:27:in `call'
  actionpack (3.2.8) lib/action_dispatch/middleware/reloader.rb:65:in `call'
  actionpack (3.2.8) lib/action_dispatch/middleware/remote_ip.rb:31:in `call'
  actionpack (3.2.8) lib/action_dispatch/middleware/debug_exceptions.rb:16:in `call'
  actionpack (3.2.8) lib/action_dispatch/middleware/show_exceptions.rb:56:in `call'
  railties (3.2.8) lib/rails/rack/logger.rb:26:in `call_app'
  railties (3.2.8) lib/rails/rack/logger.rb:16:in `call'
  actionpack (3.2.8) lib/action_dispatch/middleware/request_id.rb:22:in `call'
  rack (1.4.1) lib/rack/methodoverride.rb:21:in `call'
  rack (1.4.1) lib/rack/runtime.rb:17:in `call'
  activesupport (3.2.8) lib/active_support/cache/strategy/local_cache.rb:72:in `call'
  rack (1.4.1) lib/rack/lock.rb:15:in `call'
  actionpack (3.2.8) lib/action_dispatch/middleware/static.rb:62:in `call'
  railties (3.2.8) lib/rails/engine.rb:479:in `call'
  railties (3.2.8) lib/rails/application.rb:223:in `call'
  rack (1.4.1) lib/rack/content_length.rb:14:in `call'
  railties (3.2.8) lib/rails/rack/log_tailer.rb:17:in `call'
  rack (1.4.1) lib/rack/handler/webrick.rb:59:in `service'
  /home/devsinc/.rvm/rubies/ruby-1.9.3-p547/lib/ruby/1.9.1/webrick/httpserver.rb:138:in `service'
  /home/devsinc/.rvm/rubies/ruby-1.9.3-p547/lib/ruby/1.9.1/webrick/httpserver.rb:94:in `run'
  /home/devsinc/.rvm/rubies/ruby-1.9.3-p547/lib/ruby/1.9.1/webrick/server.rb:191:in `block in start_thread'


  Rendered /home/devsinc/.rvm/gems/ruby-1.9.3-p547@client/gems/actionpack-3.2.8/lib/action_dispatch/middleware/templates/rescues/_trace.erb (1.1ms)
  Rendered /home/devsinc/.rvm/gems/ruby-1.9.3-p547@client/gems/actionpack-3.2.8/lib/action_dispatch/middleware/templates/rescues/_request_and_response.erb (0.8ms)
  Rendered /home/devsinc/.rvm/gems/ruby-1.9.3-p547@client/gems/actionpack-3.2.8/lib/action_dispatch/middleware/templates/rescues/diagnostics.erb within rescues/layout (10.5ms)


Started GET "/" for 127.0.0.1 at 2015-01-31 14:35:43 +0500
Processing by HomeController#index as HTML
Redirected to http://localhost:3001/auth/joshid
Filter chain halted as :login_required rendered or redirected
Completed 302 Found in 0ms (ActiveRecord: 0.0ms)


Started GET "/auth/joshid" for 127.0.0.1 at 2015-01-31 14:35:43 +0500


Started GET "/auth/joshid/callback?code=19d91c070456551baac76992f9bdfc3f&response_type=code&state=e29afcce3bf016dac35a8217722bee4d257459241a2aacf5" for 127.0.0.1 at 2015-01-31 14:35:43 +0500

OAuth2::Error (Could not find application: 
{"error":"Could not find application"}):
  oauth2 (0.8.0) lib/oauth2/client.rb:132:in `get_token'
  oauth2 (0.8.0) lib/oauth2/strategy/auth_code.rb:29:in `get_token'
  omniauth-oauth2 (1.1.1) lib/omniauth/strategies/oauth2.rb:99:in `build_access_token'
  omniauth-oauth2 (1.1.1) lib/omniauth/strategies/oauth2.rb:74:in `callback_phase'
  omniauth (1.1.1) lib/omniauth/strategy.rb:219:in `callback_call'
  omniauth (1.1.1) lib/omniauth/strategy.rb:175:in `call!'
  omniauth (1.1.1) lib/omniauth/strategy.rb:157:in `call'
  omniauth (1.1.1) lib/omniauth/builder.rb:48:in `call'
  actionpack (3.2.8) lib/action_dispatch/middleware/best_standards_support.rb:17:in `call'
  rack (1.4.1) lib/rack/etag.rb:23:in `call'
  rack (1.4.1) lib/rack/conditionalget.rb:25:in `call'
  actionpack (3.2.8) lib/action_dispatch/middleware/head.rb:14:in `call'
  actionpack (3.2.8) lib/action_dispatch/middleware/params_parser.rb:21:in `call'
  actionpack (3.2.8) lib/action_dispatch/middleware/flash.rb:242:in `call'
  rack (1.4.1) lib/rack/session/abstract/id.rb:205:in `context'
  rack (1.4.1) lib/rack/session/abstract/id.rb:200:in `call'
  actionpack (3.2.8) lib/action_dispatch/middleware/cookies.rb:339:in `call'
  activerecord (3.2.8) lib/active_record/query_cache.rb:64:in `call'
  activerecord (3.2.8) lib/active_record/connection_adapters/abstract/connection_pool.rb:473:in `call'
  actionpack (3.2.8) lib/action_dispatch/middleware/callbacks.rb:28:in `block in call'
  activesupport (3.2.8) lib/active_support/callbacks.rb:405:in `_run__3599545113848681676__call__1072915897237502254__callbacks'
  activesupport (3.2.8) lib/active_support/callbacks.rb:405:in `__run_callback'
  activesupport (3.2.8) lib/active_support/callbacks.rb:385:in `_run_call_callbacks'
  activesupport (3.2.8) lib/active_support/callbacks.rb:81:in `run_callbacks'
  actionpack (3.2.8) lib/action_dispatch/middleware/callbacks.rb:27:in `call'
  actionpack (3.2.8) lib/action_dispatch/middleware/reloader.rb:65:in `call'
  actionpack (3.2.8) lib/action_dispatch/middleware/remote_ip.rb:31:in `call'
  actionpack (3.2.8) lib/action_dispatch/middleware/debug_exceptions.rb:16:in `call'
  actionpack (3.2.8) lib/action_dispatch/middleware/show_exceptions.rb:56:in `call'
  railties (3.2.8) lib/rails/rack/logger.rb:26:in `call_app'
  railties (3.2.8) lib/rails/rack/logger.rb:16:in `call'
  actionpack (3.2.8) lib/action_dispatch/middleware/request_id.rb:22:in `call'
  rack (1.4.1) lib/rack/methodoverride.rb:21:in `call'
  rack (1.4.1) lib/rack/runtime.rb:17:in `call'
  activesupport (3.2.8) lib/active_support/cache/strategy/local_cache.rb:72:in `call'
  rack (1.4.1) lib/rack/lock.rb:15:in `call'
  actionpack (3.2.8) lib/action_dispatch/middleware/static.rb:62:in `call'
  railties (3.2.8) lib/rails/engine.rb:479:in `call'
  railties (3.2.8) lib/rails/application.rb:223:in `call'
  rack (1.4.1) lib/rack/content_length.rb:14:in `call'
  railties (3.2.8) lib/rails/rack/log_tailer.rb:17:in `call'
  rack (1.4.1) lib/rack/handler/webrick.rb:59:in `service'
  /home/devsinc/.rvm/rubies/ruby-1.9.3-p547/lib/ruby/1.9.1/webrick/httpserver.rb:138:in `service'
  /home/devsinc/.rvm/rubies/ruby-1.9.3-p547/lib/ruby/1.9.1/webrick/httpserver.rb:94:in `run'
  /home/devsinc/.rvm/rubies/ruby-1.9.3-p547/lib/ruby/1.9.1/webrick/server.rb:191:in `block in start_thread'


  Rendered /home/devsinc/.rvm/gems/ruby-1.9.3-p547@client/gems/actionpack-3.2.8/lib/action_dispatch/middleware/templates/rescues/_trace.erb (1.0ms)
  Rendered /home/devsinc/.rvm/gems/ruby-1.9.3-p547@client/gems/actionpack-3.2.8/lib/action_dispatch/middleware/templates/rescues/_request_and_response.erb (0.9ms)
  Rendered /home/devsinc/.rvm/gems/ruby-1.9.3-p547@client/gems/actionpack-3.2.8/lib/action_dispatch/middleware/templates/rescues/diagnostics.erb within rescues/layout (7.3ms)


Started GET "/" for 127.0.0.1 at 2015-01-31 14:36:17 +0500
Connecting to database specified by database.yml
Processing by HomeController#index as HTML
Redirected to http://localhost:3001/auth/joshid
Filter chain halted as :login_required rendered or redirected
Completed 302 Found in 1ms (ActiveRecord: 0.0ms)


Started GET "/auth/joshid" for 127.0.0.1 at 2015-01-31 14:36:17 +0500


Started GET "/" for 127.0.0.1 at 2015-01-31 14:36:17 +0500
Processing by HomeController#index as HTML
Redirected to http://localhost:3001/auth/joshid
Filter chain halted as :login_required rendered or redirected
Completed 302 Found in 1ms (ActiveRecord: 0.0ms)


Started GET "/auth/joshid" for 127.0.0.1 at 2015-01-31 14:36:17 +0500


Started GET "/auth/joshid/callback?code=e005f843d1f4186a5134c054222f3ae9&response_type=code&state=3d7c268ed85a08dc51dced1e4d4c31ce1ec8aea0a47da888" for 127.0.0.1 at 2015-01-31 14:36:18 +0500

OAuth2::Error (You need to sign in or sign up before continuing.: 
{"error":"You need to sign in or sign up before continuing."}):
  lib/josh_id.rb:30:in `raw_info'
  lib/josh_id.rb:14:in `block in <class:JoshId>'


  Rendered /home/devsinc/.rvm/gems/ruby-1.9.3-p547@client/gems/actionpack-3.2.8/lib/action_dispatch/middleware/templates/rescues/_trace.erb (1.0ms)
  Rendered /home/devsinc/.rvm/gems/ruby-1.9.3-p547@client/gems/actionpack-3.2.8/lib/action_dispatch/middleware/templates/rescues/_request_and_response.erb (0.8ms)
  Rendered /home/devsinc/.rvm/gems/ruby-1.9.3-p547@client/gems/actionpack-3.2.8/lib/action_dispatch/middleware/templates/rescues/diagnostics.erb within rescues/layout (9.1ms)


Started GET "/" for 127.0.0.1 at 2015-01-31 14:36:40 +0500
Processing by HomeController#index as HTML
Redirected to http://localhost:3001/auth/joshid
Filter chain halted as :login_required rendered or redirected
Completed 302 Found in 0ms (ActiveRecord: 0.0ms)


Started GET "/auth/joshid" for 127.0.0.1 at 2015-01-31 14:36:40 +0500


Started GET "/auth/joshid/callback?code=1fb7ed94f7fa8e7fe45713c2bd272855&response_type=code&state=ffd940ada3e953a10612a461853feb4c81f383851f9992b1" for 127.0.0.1 at 2015-01-31 14:36:44 +0500

OAuth2::Error (You need to sign in or sign up before continuing.: 
{"error":"You need to sign in or sign up before continuing."}):
  lib/josh_id.rb:30:in `raw_info'
  lib/josh_id.rb:14:in `block in <class:JoshId>'


  Rendered /home/devsinc/.rvm/gems/ruby-1.9.3-p547@client/gems/actionpack-3.2.8/lib/action_dispatch/middleware/templates/rescues/_trace.erb (1.1ms)
  Rendered /home/devsinc/.rvm/gems/ruby-1.9.3-p547@client/gems/actionpack-3.2.8/lib/action_dispatch/middleware/templates/rescues/_request_and_response.erb (0.9ms)
  Rendered /home/devsinc/.rvm/gems/ruby-1.9.3-p547@client/gems/actionpack-3.2.8/lib/action_dispatch/middleware/templates/rescues/diagnostics.erb within rescues/layout (7.7ms)


Started GET "/" for 127.0.0.1 at 2015-01-31 14:40:11 +0500
Processing by HomeController#index as HTML
Redirected to http://localhost:3001/auth/joshid
Filter chain halted as :login_required rendered or redirected
Completed 302 Found in 0ms (ActiveRecord: 0.0ms)


Started GET "/auth/joshid" for 127.0.0.1 at 2015-01-31 14:40:11 +0500


Started GET "/auth/joshid/callback?code=2a0863dfc34976ba34e47107ba515333&response_type=code&state=104440c317a7ff8d70a585c382507164b0fc6e7e0e167f90" for 127.0.0.1 at 2015-01-31 14:40:11 +0500

OAuth2::Error (You need to sign in or sign up before continuing.: 
{"error":"You need to sign in or sign up before continuing."}):
  lib/josh_id.rb:30:in `raw_info'
  lib/josh_id.rb:14:in `block in <class:JoshId>'


  Rendered /home/devsinc/.rvm/gems/ruby-1.9.3-p547@client/gems/actionpack-3.2.8/lib/action_dispatch/middleware/templates/rescues/_trace.erb (0.8ms)
  Rendered /home/devsinc/.rvm/gems/ruby-1.9.3-p547@client/gems/actionpack-3.2.8/lib/action_dispatch/middleware/templates/rescues/_request_and_response.erb (0.7ms)
  Rendered /home/devsinc/.rvm/gems/ruby-1.9.3-p547@client/gems/actionpack-3.2.8/lib/action_dispatch/middleware/templates/rescues/diagnostics.erb within rescues/layout (6.0ms)


Started GET "/" for 127.0.0.1 at 2015-01-31 14:44:11 +0500
Connecting to database specified by database.yml
Processing by HomeController#index as HTML
Redirected to http://localhost:3001/auth/joshid
Filter chain halted as :login_required rendered or redirected
Completed 302 Found in 1ms (ActiveRecord: 0.0ms)


Started GET "/auth/joshid" for 127.0.0.1 at 2015-01-31 14:44:11 +0500


Started GET "/" for 127.0.0.1 at 2015-01-31 14:44:11 +0500
Processing by HomeController#index as HTML
Redirected to http://localhost:3001/auth/joshid
Filter chain halted as :login_required rendered or redirected
Completed 302 Found in 0ms (ActiveRecord: 0.0ms)


Started GET "/auth/joshid" for 127.0.0.1 at 2015-01-31 14:44:11 +0500


Started GET "/auth/joshid/callback?code=ba64e4da62161d6411a5f52853203c6f&response_type=code&state=853ac6778ec3f932a3db95614dd4c9a3a097d7e0de3eb54b" for 127.0.0.1 at 2015-01-31 14:44:12 +0500

OAuth2::Error (You need to sign in or sign up before continuing.: 
{"error":"You need to sign in or sign up before continuing."}):
  lib/josh_id.rb:30:in `raw_info'
  lib/josh_id.rb:14:in `block in <class:JoshId>'


  Rendered /home/devsinc/.rvm/gems/ruby-1.9.3-p547@client/gems/actionpack-3.2.8/lib/action_dispatch/middleware/templates/rescues/_trace.erb (0.9ms)
  Rendered /home/devsinc/.rvm/gems/ruby-1.9.3-p547@client/gems/actionpack-3.2.8/lib/action_dispatch/middleware/templates/rescues/_request_and_response.erb (0.7ms)
  Rendered /home/devsinc/.rvm/gems/ruby-1.9.3-p547@client/gems/actionpack-3.2.8/lib/action_dispatch/middleware/templates/rescues/diagnostics.erb within rescues/layout (8.4ms)


Started GET "/" for 127.0.0.1 at 2015-01-31 14:50:23 +0500
Processing by HomeController#index as HTML
Redirected to http://localhost:3001/auth/joshid
Filter chain halted as :login_required rendered or redirected
Completed 302 Found in 0ms (ActiveRecord: 0.0ms)


Started GET "/auth/joshid" for 127.0.0.1 at 2015-01-31 14:50:23 +0500


Started GET "/" for 127.0.0.1 at 2015-01-31 14:50:23 +0500
Processing by HomeController#index as HTML
Redirected to http://localhost:3001/auth/joshid
Filter chain halted as :login_required rendered or redirected
Completed 302 Found in 0ms (ActiveRecord: 0.0ms)


Started GET "/auth/joshid" for 127.0.0.1 at 2015-01-31 14:50:23 +0500


Started GET "/" for 127.0.0.1 at 2015-01-31 14:51:02 +0500
Processing by HomeController#index as HTML
Redirected to http://localhost:3001/auth/joshid
Filter chain halted as :login_required rendered or redirected
Completed 302 Found in 0ms (ActiveRecord: 0.0ms)


Started GET "/auth/joshid" for 127.0.0.1 at 2015-01-31 14:51:02 +0500


Started GET "/" for 127.0.0.1 at 2015-01-31 14:51:02 +0500
Processing by HomeController#index as HTML
Redirected to http://localhost:3001/auth/joshid
Filter chain halted as :login_required rendered or redirected
Completed 302 Found in 0ms (ActiveRecord: 0.0ms)


Started GET "/auth/joshid" for 127.0.0.1 at 2015-01-31 14:51:02 +0500


Started GET "/auth/joshid/callback?code=e8240f972dce15996c3442155af9d9f0&response_type=code&state=b3f81a39eb933ee113351d3a04a1360acdb76bd481adeda8" for 127.0.0.1 at 2015-01-31 14:51:02 +0500

OAuth2::Error (Could not find application: 
{"error":"Could not find application"}):
  oauth2 (0.8.0) lib/oauth2/client.rb:132:in `get_token'
  oauth2 (0.8.0) lib/oauth2/strategy/auth_code.rb:29:in `get_token'
  omniauth-oauth2 (1.1.1) lib/omniauth/strategies/oauth2.rb:99:in `build_access_token'
  omniauth-oauth2 (1.1.1) lib/omniauth/strategies/oauth2.rb:74:in `callback_phase'
  omniauth (1.1.1) lib/omniauth/strategy.rb:219:in `callback_call'
  omniauth (1.1.1) lib/omniauth/strategy.rb:175:in `call!'
  omniauth (1.1.1) lib/omniauth/strategy.rb:157:in `call'
  omniauth (1.1.1) lib/omniauth/builder.rb:48:in `call'
  actionpack (3.2.8) lib/action_dispatch/middleware/best_standards_support.rb:17:in `call'
  rack (1.4.1) lib/rack/etag.rb:23:in `call'
  rack (1.4.1) lib/rack/conditionalget.rb:25:in `call'
  actionpack (3.2.8) lib/action_dispatch/middleware/head.rb:14:in `call'
  actionpack (3.2.8) lib/action_dispatch/middleware/params_parser.rb:21:in `call'
  actionpack (3.2.8) lib/action_dispatch/middleware/flash.rb:242:in `call'
  rack (1.4.1) lib/rack/session/abstract/id.rb:205:in `context'
  rack (1.4.1) lib/rack/session/abstract/id.rb:200:in `call'
  actionpack (3.2.8) lib/action_dispatch/middleware/cookies.rb:339:in `call'
  activerecord (3.2.8) lib/active_record/query_cache.rb:64:in `call'
  activerecord (3.2.8) lib/active_record/connection_adapters/abstract/connection_pool.rb:473:in `call'
  actionpack (3.2.8) lib/action_dispatch/middleware/callbacks.rb:28:in `block in call'
  activesupport (3.2.8) lib/active_support/callbacks.rb:405:in `_run__2446415176707860246__call__1238733850431639545__callbacks'
  activesupport (3.2.8) lib/active_support/callbacks.rb:405:in `__run_callback'
  activesupport (3.2.8) lib/active_support/callbacks.rb:385:in `_run_call_callbacks'
  activesupport (3.2.8) lib/active_support/callbacks.rb:81:in `run_callbacks'
  actionpack (3.2.8) lib/action_dispatch/middleware/callbacks.rb:27:in `call'
  actionpack (3.2.8) lib/action_dispatch/middleware/reloader.rb:65:in `call'
  actionpack (3.2.8) lib/action_dispatch/middleware/remote_ip.rb:31:in `call'
  actionpack (3.2.8) lib/action_dispatch/middleware/debug_exceptions.rb:16:in `call'
  actionpack (3.2.8) lib/action_dispatch/middleware/show_exceptions.rb:56:in `call'
  railties (3.2.8) lib/rails/rack/logger.rb:26:in `call_app'
  railties (3.2.8) lib/rails/rack/logger.rb:16:in `call'
  actionpack (3.2.8) lib/action_dispatch/middleware/request_id.rb:22:in `call'
  rack (1.4.1) lib/rack/methodoverride.rb:21:in `call'
  rack (1.4.1) lib/rack/runtime.rb:17:in `call'
  activesupport (3.2.8) lib/active_support/cache/strategy/local_cache.rb:72:in `call'
  rack (1.4.1) lib/rack/lock.rb:15:in `call'
  actionpack (3.2.8) lib/action_dispatch/middleware/static.rb:62:in `call'
  railties (3.2.8) lib/rails/engine.rb:479:in `call'
  railties (3.2.8) lib/rails/application.rb:223:in `call'
  rack (1.4.1) lib/rack/content_length.rb:14:in `call'
  railties (3.2.8) lib/rails/rack/log_tailer.rb:17:in `call'
  rack (1.4.1) lib/rack/handler/webrick.rb:59:in `service'
  /home/devsinc/.rvm/rubies/ruby-1.9.3-p547/lib/ruby/1.9.1/webrick/httpserver.rb:138:in `service'
  /home/devsinc/.rvm/rubies/ruby-1.9.3-p547/lib/ruby/1.9.1/webrick/httpserver.rb:94:in `run'
  /home/devsinc/.rvm/rubies/ruby-1.9.3-p547/lib/ruby/1.9.1/webrick/server.rb:191:in `block in start_thread'


  Rendered /home/devsinc/.rvm/gems/ruby-1.9.3-p547@client/gems/actionpack-3.2.8/lib/action_dispatch/middleware/templates/rescues/_trace.erb (0.9ms)
  Rendered /home/devsinc/.rvm/gems/ruby-1.9.3-p547@client/gems/actionpack-3.2.8/lib/action_dispatch/middleware/templates/rescues/_request_and_response.erb (0.7ms)
  Rendered /home/devsinc/.rvm/gems/ruby-1.9.3-p547@client/gems/actionpack-3.2.8/lib/action_dispatch/middleware/templates/rescues/diagnostics.erb within rescues/layout (6.3ms)


Started GET "/" for 127.0.0.1 at 2015-01-31 14:52:35 +0500
Connecting to database specified by database.yml
Processing by HomeController#index as HTML
Redirected to http://localhost:3001/auth/joshid
Filter chain halted as :login_required rendered or redirected
Completed 302 Found in 1ms (ActiveRecord: 0.0ms)


Started GET "/" for 127.0.0.1 at 2015-01-31 14:52:35 +0500
Processing by HomeController#index as HTML
Redirected to http://localhost:3001/auth/joshid
Filter chain halted as :login_required rendered or redirected
Completed 302 Found in 0ms (ActiveRecord: 0.0ms)


Started GET "/auth/joshid" for 127.0.0.1 at 2015-01-31 14:52:35 +0500


Started GET "/auth/joshid/callback?code=3fc45691b3d126f97625f863e8bbf649&response_type=code&state=9c064d9f6ce75c96754e1af6613a7e12bc7110adf7408cfc" for 127.0.0.1 at 2015-01-31 14:52:36 +0500
Processing by UserSessionsController#create as HTML
  Parameters: {"code"=>"3fc45691b3d126f97625f863e8bbf649", "response_type"=>"code", "state"=>"9c064d9f6ce75c96754e1af6613a7e12bc7110adf7408cfc", "provider"=>"joshid"}
+++ #<OmniAuth::AuthHash credentials=#<Hashie::Mash expires=true expires_at=1422699756 refresh_token="bb0b38340b0e12b5d3a185f22db42b67" token="57a120ba9852da3f3e33935d573c734c"> extra=#<Hashie::Mash first_name="ali" last_name=""> info=#<OmniAuth::AuthHash::InfoHash email=nil> provider="joshid" uid="2">
  [1m[36mUser Load (0.1ms)[0m  [1mSELECT `users`.* FROM `users` WHERE `users`.`uid` = '2' LIMIT 1[0m
  [1m[35m (0.1ms)[0m  BEGIN
  [1m[36m (0.1ms)[0m  [1mCOMMIT[0m
Redirected to http://localhost:3001/
Completed 302 Found in 77ms (ActiveRecord: 1.0ms)


Started GET "/" for 127.0.0.1 at 2015-01-31 14:52:36 +0500
Processing by HomeController#index as HTML
  [1m[35mUser Load (0.1ms)[0m  SELECT `users`.* FROM `users` WHERE `users`.`uid` = '2' LIMIT 1
  Rendered home/index.html.erb within layouts/application (2.1ms)
Completed 200 OK in 36ms (Views: 35.3ms | ActiveRecord: 0.1ms)


Started GET "/assets/application.css?body=1" for 127.0.0.1 at 2015-01-31 14:52:36 +0500
Served asset /application.css - 304 Not Modified (1ms)


Started GET "/assets/jquery_ujs.js?body=1" for 127.0.0.1 at 2015-01-31 14:52:36 +0500
Served asset /jquery_ujs.js - 304 Not Modified (3ms)


Started GET "/assets/jquery.js?body=1" for 127.0.0.1 at 2015-01-31 14:52:36 +0500
Served asset /jquery.js - 304 Not Modified (2ms)


Started GET "/assets/application.js?body=1" for 127.0.0.1 at 2015-01-31 14:52:36 +0500
Served asset /application.js - 304 Not Modified (3ms)


Started GET "/" for 127.0.0.1 at 2015-01-31 15:05:35 +0500
Connecting to database specified by database.yml
Processing by HomeController#index as HTML
  [1m[36mUser Load (0.1ms)[0m  [1mSELECT `users`.* FROM `users` WHERE `users`.`uid` = '2' LIMIT 1[0m
  Rendered home/index.html.erb within layouts/application (2.4ms)
Completed 200 OK in 114ms (Views: 52.7ms | ActiveRecord: 0.9ms)


Started GET "/assets/application.css?body=1" for 127.0.0.1 at 2015-01-31 15:05:35 +0500
Served asset /application.css - 304 Not Modified (1ms)


Started GET "/assets/jquery.js?body=1" for 127.0.0.1 at 2015-01-31 15:05:35 +0500
Served asset /jquery.js - 304 Not Modified (8ms)


Started GET "/assets/jquery_ujs.js?body=1" for 127.0.0.1 at 2015-01-31 15:05:35 +0500
Served asset /jquery_ujs.js - 304 Not Modified (4ms)


Started GET "/assets/application.js?body=1" for 127.0.0.1 at 2015-01-31 15:05:35 +0500
Served asset /application.js - 304 Not Modified (6ms)


Started GET "/" for 127.0.0.1 at 2015-01-31 15:06:05 +0500
Processing by HomeController#index as HTML
  [1m[35mUser Load (0.1ms)[0m  SELECT `users`.* FROM `users` WHERE `users`.`uid` = '2' LIMIT 1
  Rendered home/index.html.erb within layouts/application (0.1ms)
Completed 200 OK in 5ms (Views: 3.9ms | ActiveRecord: 0.1ms)


Started GET "/assets/application.css?body=1" for 127.0.0.1 at 2015-01-31 15:06:05 +0500
Served asset /application.css - 304 Not Modified (0ms)


Started GET "/assets/jquery.js?body=1" for 127.0.0.1 at 2015-01-31 15:06:05 +0500
Served asset /jquery.js - 304 Not Modified (0ms)


Started GET "/assets/application.js?body=1" for 127.0.0.1 at 2015-01-31 15:06:05 +0500
Served asset /application.js - 304 Not Modified (1ms)


Started GET "/assets/jquery_ujs.js?body=1" for 127.0.0.1 at 2015-01-31 15:06:05 +0500
Served asset /jquery_ujs.js - 304 Not Modified (0ms)


Started GET "/logout" for 127.0.0.1 at 2015-01-31 15:06:06 +0500
Processing by UserSessionsController#destroy as HTML
  [1m[36mUser Load (0.1ms)[0m  [1mSELECT `users`.* FROM `users` WHERE `users`.`uid` = '2' LIMIT 1[0m
Redirected to http://localhost:3000/users/sign_out
Completed 302 Found in 2ms (ActiveRecord: 0.1ms)


Started GET "/" for 127.0.0.1 at 2015-01-31 15:06:11 +0500
Processing by HomeController#index as HTML
Redirected to http://localhost:3001/auth/joshid
Filter chain halted as :login_required rendered or redirected
Completed 302 Found in 1ms (ActiveRecord: 0.0ms)


Started GET "/auth/joshid" for 127.0.0.1 at 2015-01-31 15:06:11 +0500


Started GET "/" for 127.0.0.1 at 2015-01-31 15:06:11 +0500
Processing by HomeController#index as HTML
Redirected to http://localhost:3001/auth/joshid
Filter chain halted as :login_required rendered or redirected
Completed 302 Found in 0ms (ActiveRecord: 0.0ms)


Started GET "/auth/joshid" for 127.0.0.1 at 2015-01-31 15:06:11 +0500


Started GET "/" for 127.0.0.1 at 2015-01-31 15:06:32 +0500
Processing by HomeController#index as HTML
Redirected to http://localhost:3001/auth/joshid
Filter chain halted as :login_required rendered or redirected
Completed 302 Found in 0ms (ActiveRecord: 0.0ms)


Started GET "/auth/joshid" for 127.0.0.1 at 2015-01-31 15:06:32 +0500


Started GET "/" for 127.0.0.1 at 2015-01-31 15:06:32 +0500
Processing by HomeController#index as HTML
Redirected to http://localhost:3001/auth/joshid
Filter chain halted as :login_required rendered or redirected
Completed 302 Found in 1ms (ActiveRecord: 0.0ms)


Started GET "/auth/joshid" for 127.0.0.1 at 2015-01-31 15:06:32 +0500


Started GET "/" for 127.0.0.1 at 2015-01-31 15:10:13 +0500
Processing by HomeController#index as HTML
Redirected to http://localhost:3001/auth/joshid
Filter chain halted as :login_required rendered or redirected
Completed 302 Found in 0ms (ActiveRecord: 0.0ms)


Started GET "/auth/joshid" for 127.0.0.1 at 2015-01-31 15:10:13 +0500


Started GET "/" for 127.0.0.1 at 2015-01-31 15:10:13 +0500
Processing by HomeController#index as HTML
Redirected to http://localhost:3001/auth/joshid
Filter chain halted as :login_required rendered or redirected
Completed 302 Found in 0ms (ActiveRecord: 0.0ms)


Started GET "/auth/joshid" for 127.0.0.1 at 2015-01-31 15:10:13 +0500


Started GET "/" for 127.0.0.1 at 2015-01-31 15:11:59 +0500
Processing by HomeController#index as HTML
Redirected to http://localhost:3001/auth/joshid
Filter chain halted as :login_required rendered or redirected
Completed 302 Found in 0ms (ActiveRecord: 0.0ms)


Started GET "/auth/joshid" for 127.0.0.1 at 2015-01-31 15:11:59 +0500


Started GET "/" for 127.0.0.1 at 2015-01-31 15:11:59 +0500
Processing by HomeController#index as HTML
Redirected to http://localhost:3001/auth/joshid
Filter chain halted as :login_required rendered or redirected
Completed 302 Found in 0ms (ActiveRecord: 0.0ms)


Started GET "/auth/joshid" for 127.0.0.1 at 2015-01-31 15:11:59 +0500


Started GET "/" for 127.0.0.1 at 2015-01-31 15:12:21 +0500
Processing by HomeController#index as HTML
Redirected to http://localhost:3001/auth/joshid
Filter chain halted as :login_required rendered or redirected
Completed 302 Found in 0ms (ActiveRecord: 0.0ms)


Started GET "/auth/joshid" for 127.0.0.1 at 2015-01-31 15:12:21 +0500


Started GET "/" for 127.0.0.1 at 2015-01-31 15:12:21 +0500
Processing by HomeController#index as HTML
Redirected to http://localhost:3001/auth/joshid
Filter chain halted as :login_required rendered or redirected
Completed 302 Found in 0ms (ActiveRecord: 0.0ms)


Started GET "/auth/joshid" for 127.0.0.1 at 2015-01-31 15:12:21 +0500


Started GET "/auth/joshid/callback?code=242390cb0d6e067d2fcf96f8e013dbe4&response_type=code&state=4fb28146fb728a992a2a44881a0a4d05f0934057fcd64acc" for 127.0.0.1 at 2015-01-31 15:12:22 +0500

OAuth2::Error (You need to sign in or sign up before continuing.: 
{"error":"You need to sign in or sign up before continuing."}):
  lib/josh_id.rb:30:in `raw_info'
  lib/josh_id.rb:14:in `block in <class:JoshId>'


  Rendered /home/devsinc/.rvm/gems/ruby-1.9.3-p547@client/gems/actionpack-3.2.8/lib/action_dispatch/middleware/templates/rescues/_trace.erb (1.0ms)
  Rendered /home/devsinc/.rvm/gems/ruby-1.9.3-p547@client/gems/actionpack-3.2.8/lib/action_dispatch/middleware/templates/rescues/_request_and_response.erb (0.9ms)
  Rendered /home/devsinc/.rvm/gems/ruby-1.9.3-p547@client/gems/actionpack-3.2.8/lib/action_dispatch/middleware/templates/rescues/diagnostics.erb within rescues/layout (7.0ms)


Started GET "/" for 127.0.0.1 at 2015-01-31 15:16:13 +0500
Processing by HomeController#index as HTML
Redirected to http://localhost:3001/auth/joshid
Filter chain halted as :login_required rendered or redirected
Completed 302 Found in 0ms (ActiveRecord: 0.0ms)


Started GET "/auth/joshid" for 127.0.0.1 at 2015-01-31 15:16:13 +0500


Started GET "/auth/joshid/callback?code=1e321460c90303e3c271ef62d44385f8&response_type=code&state=0b34c21e503eaf1ca3ba157d078e849160bb49531461c5aa" for 127.0.0.1 at 2015-01-31 15:16:13 +0500

OAuth2::Error (You need to sign in or sign up before continuing.: 
{"error":"You need to sign in or sign up before continuing."}):
  lib/josh_id.rb:30:in `raw_info'
  lib/josh_id.rb:14:in `block in <class:JoshId>'


  Rendered /home/devsinc/.rvm/gems/ruby-1.9.3-p547@client/gems/actionpack-3.2.8/lib/action_dispatch/middleware/templates/rescues/_trace.erb (0.9ms)
  Rendered /home/devsinc/.rvm/gems/ruby-1.9.3-p547@client/gems/actionpack-3.2.8/lib/action_dispatch/middleware/templates/rescues/_request_and_response.erb (0.8ms)
  Rendered /home/devsinc/.rvm/gems/ruby-1.9.3-p547@client/gems/actionpack-3.2.8/lib/action_dispatch/middleware/templates/rescues/diagnostics.erb within rescues/layout (6.6ms)


Started GET "/" for 127.0.0.1 at 2015-01-31 15:20:13 +0500
Processing by HomeController#index as HTML
Redirected to http://localhost:3001/auth/joshid
Filter chain halted as :login_required rendered or redirected
Completed 302 Found in 0ms (ActiveRecord: 0.0ms)


Started GET "/auth/joshid" for 127.0.0.1 at 2015-01-31 15:20:13 +0500


Started GET "/" for 127.0.0.1 at 2015-01-31 15:20:13 +0500
Processing by HomeController#index as HTML
Redirected to http://localhost:3001/auth/joshid
Filter chain halted as :login_required rendered or redirected
Completed 302 Found in 1ms (ActiveRecord: 0.0ms)


Started GET "/auth/joshid" for 127.0.0.1 at 2015-01-31 15:20:13 +0500


Started GET "/" for 127.0.0.1 at 2015-01-31 15:21:02 +0500
Processing by HomeController#index as HTML
Redirected to http://localhost:3001/auth/joshid
Filter chain halted as :login_required rendered or redirected
Completed 302 Found in 0ms (ActiveRecord: 0.0ms)


Started GET "/auth/joshid" for 127.0.0.1 at 2015-01-31 15:21:02 +0500


Started GET "/" for 127.0.0.1 at 2015-01-31 15:21:03 +0500
Processing by HomeController#index as HTML
Redirected to http://localhost:3001/auth/joshid
Filter chain halted as :login_required rendered or redirected
Completed 302 Found in 0ms (ActiveRecord: 0.0ms)


Started GET "/auth/joshid" for 127.0.0.1 at 2015-01-31 15:21:03 +0500


Started GET "/" for 127.0.0.1 at 2015-01-31 15:21:11 +0500
Processing by HomeController#index as HTML
Redirected to http://localhost:3001/auth/joshid
Filter chain halted as :login_required rendered or redirected
Completed 302 Found in 0ms (ActiveRecord: 0.0ms)


Started GET "/auth/joshid" for 127.0.0.1 at 2015-01-31 15:21:11 +0500


Started GET "/" for 127.0.0.1 at 2015-01-31 15:21:11 +0500
Processing by HomeController#index as HTML
Redirected to http://localhost:3001/auth/joshid
Filter chain halted as :login_required rendered or redirected
Completed 302 Found in 0ms (ActiveRecord: 0.0ms)


Started GET "/auth/joshid" for 127.0.0.1 at 2015-01-31 15:21:11 +0500


Started GET "/" for 127.0.0.1 at 2015-01-31 15:22:40 +0500
Processing by HomeController#index as HTML
Redirected to http://localhost:3001/auth/joshid
Filter chain halted as :login_required rendered or redirected
Completed 302 Found in 0ms (ActiveRecord: 0.0ms)


Started GET "/auth/joshid" for 127.0.0.1 at 2015-01-31 15:22:40 +0500


Started GET "/" for 127.0.0.1 at 2015-01-31 15:22:41 +0500
Processing by HomeController#index as HTML
Redirected to http://localhost:3001/auth/joshid
Filter chain halted as :login_required rendered or redirected
Completed 302 Found in 0ms (ActiveRecord: 0.0ms)


Started GET "/auth/joshid" for 127.0.0.1 at 2015-01-31 15:22:41 +0500


Started GET "/" for 127.0.0.1 at 2015-01-31 15:23:31 +0500
Processing by HomeController#index as HTML
Redirected to http://localhost:3001/auth/joshid
Filter chain halted as :login_required rendered or redirected
Completed 302 Found in 0ms (ActiveRecord: 0.0ms)


Started GET "/auth/joshid" for 127.0.0.1 at 2015-01-31 15:23:31 +0500


Started GET "/" for 127.0.0.1 at 2015-01-31 15:23:32 +0500
Processing by HomeController#index as HTML
Redirected to http://localhost:3001/auth/joshid
Filter chain halted as :login_required rendered or redirected
Completed 302 Found in 0ms (ActiveRecord: 0.0ms)


Started GET "/auth/joshid" for 127.0.0.1 at 2015-01-31 15:23:32 +0500


Started GET "/" for 127.0.0.1 at 2015-01-31 15:24:00 +0500
Processing by HomeController#index as HTML
Redirected to http://localhost:3001/auth/joshid
Filter chain halted as :login_required rendered or redirected
Completed 302 Found in 0ms (ActiveRecord: 0.0ms)


Started GET "/auth/joshid" for 127.0.0.1 at 2015-01-31 15:24:00 +0500


Started GET "/" for 127.0.0.1 at 2015-01-31 15:24:01 +0500
Processing by HomeController#index as HTML
Redirected to http://localhost:3001/auth/joshid
Filter chain halted as :login_required rendered or redirected
Completed 302 Found in 0ms (ActiveRecord: 0.0ms)


Started GET "/auth/joshid" for 127.0.0.1 at 2015-01-31 15:24:01 +0500


Started GET "/" for 127.0.0.1 at 2015-01-31 15:24:21 +0500
Processing by HomeController#index as HTML
Redirected to http://localhost:3001/auth/joshid
Filter chain halted as :login_required rendered or redirected
Completed 302 Found in 0ms (ActiveRecord: 0.0ms)


Started GET "/auth/joshid" for 127.0.0.1 at 2015-01-31 15:24:21 +0500


Started GET "/" for 127.0.0.1 at 2015-01-31 15:24:21 +0500
Processing by HomeController#index as HTML
Redirected to http://localhost:3001/auth/joshid
Filter chain halted as :login_required rendered or redirected
Completed 302 Found in 0ms (ActiveRecord: 0.0ms)


Started GET "/auth/joshid" for 127.0.0.1 at 2015-01-31 15:24:21 +0500


Started GET "/" for 127.0.0.1 at 2015-01-31 15:29:32 +0500
Processing by HomeController#index as HTML
Redirected to http://localhost:3001/auth/joshid
Filter chain halted as :login_required rendered or redirected
Completed 302 Found in 0ms (ActiveRecord: 0.0ms)


Started GET "/auth/joshid" for 127.0.0.1 at 2015-01-31 15:29:32 +0500


Started GET "/auth/joshid/callback?code=cc645f3cc18cbf28323c4f57ef050c95&response_type=code&state=4a2c228591aa93f099c4e0e5a44f44f6be885a246bb148e2" for 127.0.0.1 at 2015-01-31 15:29:40 +0500

OAuth2::Error (Could not find application: 
{"error":"Could not find application"}):
  oauth2 (0.8.0) lib/oauth2/client.rb:132:in `get_token'
  oauth2 (0.8.0) lib/oauth2/strategy/auth_code.rb:29:in `get_token'
  omniauth-oauth2 (1.1.1) lib/omniauth/strategies/oauth2.rb:99:in `build_access_token'
  omniauth-oauth2 (1.1.1) lib/omniauth/strategies/oauth2.rb:74:in `callback_phase'
  omniauth (1.1.1) lib/omniauth/strategy.rb:219:in `callback_call'
  omniauth (1.1.1) lib/omniauth/strategy.rb:175:in `call!'
  omniauth (1.1.1) lib/omniauth/strategy.rb:157:in `call'
  omniauth (1.1.1) lib/omniauth/builder.rb:48:in `call'
  actionpack (3.2.8) lib/action_dispatch/middleware/best_standards_support.rb:17:in `call'
  rack (1.4.1) lib/rack/etag.rb:23:in `call'
  rack (1.4.1) lib/rack/conditionalget.rb:25:in `call'
  actionpack (3.2.8) lib/action_dispatch/middleware/head.rb:14:in `call'
  actionpack (3.2.8) lib/action_dispatch/middleware/params_parser.rb:21:in `call'
  actionpack (3.2.8) lib/action_dispatch/middleware/flash.rb:242:in `call'
  rack (1.4.1) lib/rack/session/abstract/id.rb:205:in `context'
  rack (1.4.1) lib/rack/session/abstract/id.rb:200:in `call'
  actionpack (3.2.8) lib/action_dispatch/middleware/cookies.rb:339:in `call'
  activerecord (3.2.8) lib/active_record/query_cache.rb:64:in `call'
  activerecord (3.2.8) lib/active_record/connection_adapters/abstract/connection_pool.rb:473:in `call'
  actionpack (3.2.8) lib/action_dispatch/middleware/callbacks.rb:28:in `block in call'
  activesupport (3.2.8) lib/active_support/callbacks.rb:405:in `_run__3377792461923481104__call__1520867880156993909__callbacks'
  activesupport (3.2.8) lib/active_support/callbacks.rb:405:in `__run_callback'
  activesupport (3.2.8) lib/active_support/callbacks.rb:385:in `_run_call_callbacks'
  activesupport (3.2.8) lib/active_support/callbacks.rb:81:in `run_callbacks'
  actionpack (3.2.8) lib/action_dispatch/middleware/callbacks.rb:27:in `call'
  actionpack (3.2.8) lib/action_dispatch/middleware/reloader.rb:65:in `call'
  actionpack (3.2.8) lib/action_dispatch/middleware/remote_ip.rb:31:in `call'
  actionpack (3.2.8) lib/action_dispatch/middleware/debug_exceptions.rb:16:in `call'
  actionpack (3.2.8) lib/action_dispatch/middleware/show_exceptions.rb:56:in `call'
  railties (3.2.8) lib/rails/rack/logger.rb:26:in `call_app'
  railties (3.2.8) lib/rails/rack/logger.rb:16:in `call'
  actionpack (3.2.8) lib/action_dispatch/middleware/request_id.rb:22:in `call'
  rack (1.4.1) lib/rack/methodoverride.rb:21:in `call'
  rack (1.4.1) lib/rack/runtime.rb:17:in `call'
  activesupport (3.2.8) lib/active_support/cache/strategy/local_cache.rb:72:in `call'
  rack (1.4.1) lib/rack/lock.rb:15:in `call'
  actionpack (3.2.8) lib/action_dispatch/middleware/static.rb:62:in `call'
  railties (3.2.8) lib/rails/engine.rb:479:in `call'
  railties (3.2.8) lib/rails/application.rb:223:in `call'
  rack (1.4.1) lib/rack/content_length.rb:14:in `call'
  railties (3.2.8) lib/rails/rack/log_tailer.rb:17:in `call'
  rack (1.4.1) lib/rack/handler/webrick.rb:59:in `service'
  /home/devsinc/.rvm/rubies/ruby-1.9.3-p547/lib/ruby/1.9.1/webrick/httpserver.rb:138:in `service'
  /home/devsinc/.rvm/rubies/ruby-1.9.3-p547/lib/ruby/1.9.1/webrick/httpserver.rb:94:in `run'
  /home/devsinc/.rvm/rubies/ruby-1.9.3-p547/lib/ruby/1.9.1/webrick/server.rb:191:in `block in start_thread'


  Rendered /home/devsinc/.rvm/gems/ruby-1.9.3-p547@client/gems/actionpack-3.2.8/lib/action_dispatch/middleware/templates/rescues/_trace.erb (1.3ms)
  Rendered /home/devsinc/.rvm/gems/ruby-1.9.3-p547@client/gems/actionpack-3.2.8/lib/action_dispatch/middleware/templates/rescues/_request_and_response.erb (0.9ms)
  Rendered /home/devsinc/.rvm/gems/ruby-1.9.3-p547@client/gems/actionpack-3.2.8/lib/action_dispatch/middleware/templates/rescues/diagnostics.erb within rescues/layout (8.2ms)
